[2026-01-13T10:50:48.049+0000] {taskinstance.py:1956} INFO - Dependencies all met for dep_context=non-requeueable deps ti=<TaskInstance: bronze_ingestion.fetch_products scheduled__2026-01-13T10:49:00+00:00 [queued]>
[2026-01-13T10:50:48.058+0000] {taskinstance.py:1956} INFO - Dependencies all met for dep_context=requeueable deps ti=<TaskInstance: bronze_ingestion.fetch_products scheduled__2026-01-13T10:49:00+00:00 [queued]>
[2026-01-13T10:50:48.059+0000] {taskinstance.py:2170} INFO - Starting attempt 1 of 3
[2026-01-13T10:50:48.076+0000] {taskinstance.py:2191} INFO - Executing <Task(PythonOperator): fetch_products> on 2026-01-13 10:49:00+00:00
[2026-01-13T10:50:48.083+0000] {standard_task_runner.py:60} INFO - Started process 3095 to run task
[2026-01-13T10:50:48.089+0000] {standard_task_runner.py:87} INFO - Running: ['***', 'tasks', 'run', 'bronze_ingestion', 'fetch_products', 'scheduled__2026-01-13T10:49:00+00:00', '--job-id', '785', '--raw', '--subdir', 'DAGS_FOLDER/bronze_ingestion_dag.py', '--cfg-path', '/tmp/tmp9wtuey05']
[2026-01-13T10:50:48.092+0000] {standard_task_runner.py:88} INFO - Job 785: Subtask fetch_products
[2026-01-13T10:50:48.178+0000] {task_command.py:423} INFO - Running <TaskInstance: bronze_ingestion.fetch_products scheduled__2026-01-13T10:49:00+00:00 [running]> on host 1a9fc2980c7c
[2026-01-13T10:50:48.265+0000] {taskinstance.py:2480} INFO - Exporting env vars: AIRFLOW_CTX_DAG_OWNER='***' AIRFLOW_CTX_DAG_ID='bronze_ingestion' AIRFLOW_CTX_TASK_ID='fetch_products' AIRFLOW_CTX_EXECUTION_DATE='2026-01-13T10:49:00+00:00' AIRFLOW_CTX_TRY_NUMBER='1' AIRFLOW_CTX_DAG_RUN_ID='scheduled__2026-01-13T10:49:00+00:00'
[2026-01-13T10:50:48.266+0000] {logging_mixin.py:188} INFO - 🔍 Fetching products from Fake Store API...
[2026-01-13T10:50:48.861+0000] {api_client.py:30} INFO - ✅ Fetched 20 products from API
[2026-01-13T10:50:48.862+0000] {logging_mixin.py:188} INFO - ✅ Fetched 20 products
[2026-01-13T10:50:48.871+0000] {base.py:83} INFO - Using connection ID '***_db' for task execution.
[2026-01-13T10:50:48.881+0000] {logging_mixin.py:188} INFO - ⚠️ Error inserting product 1: there is no unique or exclusion constraint matching the ON CONFLICT specification
[2026-01-13T10:50:48.883+0000] {logging_mixin.py:188} INFO - ⚠️ Error inserting product 2: current transaction is aborted, commands ignored until end of transaction block
[2026-01-13T10:50:48.884+0000] {logging_mixin.py:188} INFO - ⚠️ Error inserting product 3: current transaction is aborted, commands ignored until end of transaction block
[2026-01-13T10:50:48.885+0000] {logging_mixin.py:188} INFO - ⚠️ Error inserting product 4: current transaction is aborted, commands ignored until end of transaction block
[2026-01-13T10:50:48.886+0000] {logging_mixin.py:188} INFO - ⚠️ Error inserting product 5: current transaction is aborted, commands ignored until end of transaction block
[2026-01-13T10:50:48.887+0000] {logging_mixin.py:188} INFO - ⚠️ Error inserting product 6: current transaction is aborted, commands ignored until end of transaction block
[2026-01-13T10:50:48.887+0000] {logging_mixin.py:188} INFO - ⚠️ Error inserting product 7: current transaction is aborted, commands ignored until end of transaction block
[2026-01-13T10:50:48.888+0000] {logging_mixin.py:188} INFO - ⚠️ Error inserting product 8: current transaction is aborted, commands ignored until end of transaction block
[2026-01-13T10:50:48.889+0000] {logging_mixin.py:188} INFO - ⚠️ Error inserting product 9: current transaction is aborted, commands ignored until end of transaction block
[2026-01-13T10:50:48.890+0000] {logging_mixin.py:188} INFO - ⚠️ Error inserting product 10: current transaction is aborted, commands ignored until end of transaction block
[2026-01-13T10:50:48.890+0000] {logging_mixin.py:188} INFO - ⚠️ Error inserting product 11: current transaction is aborted, commands ignored until end of transaction block
[2026-01-13T10:50:48.891+0000] {logging_mixin.py:188} INFO - ⚠️ Error inserting product 12: current transaction is aborted, commands ignored until end of transaction block
[2026-01-13T10:50:48.892+0000] {logging_mixin.py:188} INFO - ⚠️ Error inserting product 13: current transaction is aborted, commands ignored until end of transaction block
[2026-01-13T10:50:48.892+0000] {logging_mixin.py:188} INFO - ⚠️ Error inserting product 14: current transaction is aborted, commands ignored until end of transaction block
[2026-01-13T10:50:48.893+0000] {logging_mixin.py:188} INFO - ⚠️ Error inserting product 15: current transaction is aborted, commands ignored until end of transaction block
[2026-01-13T10:50:48.893+0000] {logging_mixin.py:188} INFO - ⚠️ Error inserting product 16: current transaction is aborted, commands ignored until end of transaction block
[2026-01-13T10:50:48.893+0000] {logging_mixin.py:188} INFO - ⚠️ Error inserting product 17: current transaction is aborted, commands ignored until end of transaction block
[2026-01-13T10:50:48.894+0000] {logging_mixin.py:188} INFO - ⚠️ Error inserting product 18: current transaction is aborted, commands ignored until end of transaction block
[2026-01-13T10:50:48.894+0000] {logging_mixin.py:188} INFO - ⚠️ Error inserting product 19: current transaction is aborted, commands ignored until end of transaction block
[2026-01-13T10:50:48.895+0000] {logging_mixin.py:188} INFO - ⚠️ Error inserting product 20: current transaction is aborted, commands ignored until end of transaction block
[2026-01-13T10:50:48.896+0000] {logging_mixin.py:188} INFO - ✅ Inserted 0 products into bronze_products
[2026-01-13T10:50:48.913+0000] {python.py:201} INFO - Done. Returned value was: 0
[2026-01-13T10:50:48.934+0000] {taskinstance.py:1138} INFO - Marking task as SUCCESS. dag_id=bronze_ingestion, task_id=fetch_products, execution_date=20260113T104900, start_date=20260113T105048, end_date=20260113T105048
[2026-01-13T10:50:48.988+0000] {local_task_job_runner.py:234} INFO - Task exited with return code 0
[2026-01-13T10:50:49.012+0000] {taskinstance.py:3280} INFO - 2 downstream tasks scheduled from follow-on schedule check
