[2026-01-13T06:54:29.725+0000] {taskinstance.py:1956} INFO - Dependencies all met for dep_context=non-requeueable deps ti=<TaskInstance: bronze_ingestion.fetch_products manual__2026-01-13T06:54:28.637054+00:00 [queued]>
[2026-01-13T06:54:29.732+0000] {taskinstance.py:1956} INFO - Dependencies all met for dep_context=requeueable deps ti=<TaskInstance: bronze_ingestion.fetch_products manual__2026-01-13T06:54:28.637054+00:00 [queued]>
[2026-01-13T06:54:29.733+0000] {taskinstance.py:2170} INFO - Starting attempt 1 of 3
[2026-01-13T06:54:29.746+0000] {taskinstance.py:2191} INFO - Executing <Task(PythonOperator): fetch_products> on 2026-01-13 06:54:28.637054+00:00
[2026-01-13T06:54:29.751+0000] {standard_task_runner.py:60} INFO - Started process 4653 to run task
[2026-01-13T06:54:29.755+0000] {standard_task_runner.py:87} INFO - Running: ['***', 'tasks', 'run', 'bronze_ingestion', 'fetch_products', 'manual__2026-01-13T06:54:28.637054+00:00', '--job-id', '8', '--raw', '--subdir', 'DAGS_FOLDER/bronze_ingestion_dag.py', '--cfg-path', '/tmp/tmp5ux2862v']
[2026-01-13T06:54:29.758+0000] {standard_task_runner.py:88} INFO - Job 8: Subtask fetch_products
[2026-01-13T06:54:29.833+0000] {task_command.py:423} INFO - Running <TaskInstance: bronze_ingestion.fetch_products manual__2026-01-13T06:54:28.637054+00:00 [running]> on host 06fe2fc76adc
[2026-01-13T06:54:29.906+0000] {taskinstance.py:2480} INFO - Exporting env vars: AIRFLOW_CTX_DAG_OWNER='***' AIRFLOW_CTX_DAG_ID='bronze_ingestion' AIRFLOW_CTX_TASK_ID='fetch_products' AIRFLOW_CTX_EXECUTION_DATE='2026-01-13T06:54:28.637054+00:00' AIRFLOW_CTX_TRY_NUMBER='1' AIRFLOW_CTX_DAG_RUN_ID='manual__2026-01-13T06:54:28.637054+00:00'
[2026-01-13T06:54:29.908+0000] {logging_mixin.py:188} INFO - 🔍 Fetching products from Fake Store API...
[2026-01-13T06:54:30.472+0000] {api_client.py:30} INFO - ✅ Fetched 20 products from API
[2026-01-13T06:54:30.472+0000] {logging_mixin.py:188} INFO - ✅ Fetched 20 products
[2026-01-13T06:54:30.483+0000] {base.py:83} INFO - Using connection ID 'warehouse_db' for task execution.
[2026-01-13T06:54:30.488+0000] {taskinstance.py:2698} ERROR - Task failed with exception
Traceback (most recent call last):
  File "/home/airflow/.local/lib/python3.11/site-packages/airflow/models/taskinstance.py", line 433, in _execute_task
    result = execute_callable(context=context, **execute_callable_kwargs)
             ^^^^^^^^^^^^^^^^^^^^^^^^^^^^^^^^^^^^^^^^^^^^^^^^^^^^^^^^^^^^
  File "/home/airflow/.local/lib/python3.11/site-packages/airflow/operators/python.py", line 199, in execute
    return_value = self.execute_callable()
                   ^^^^^^^^^^^^^^^^^^^^^^^
  File "/home/airflow/.local/lib/python3.11/site-packages/airflow/operators/python.py", line 216, in execute_callable
    return self.python_callable(*self.op_args, **self.op_kwargs)
           ^^^^^^^^^^^^^^^^^^^^^^^^^^^^^^^^^^^^^^^^^^^^^^^^^^^^^
  File "/opt/airflow/dags/bronze_ingestion_dag.py", line 49, in fetch_and_load_products
    conn = postgres_hook.get_conn()
           ^^^^^^^^^^^^^^^^^^^^^^^^
  File "/home/airflow/.local/lib/python3.11/site-packages/airflow/providers/postgres/hooks/postgres.py", line 158, in get_conn
    self.conn = psycopg2.connect(**conn_args)
                ^^^^^^^^^^^^^^^^^^^^^^^^^^^^^
  File "/home/airflow/.local/lib/python3.11/site-packages/psycopg2/__init__.py", line 122, in connect
    conn = _connect(dsn, connection_factory=connection_factory, **kwasync)
           ^^^^^^^^^^^^^^^^^^^^^^^^^^^^^^^^^^^^^^^^^^^^^^^^^^^^^^^^^^^^^^^
psycopg2.OperationalError: connection to server at "postgres" (172.19.0.3), port 5432 failed: FATAL:  database "data_warehouse" does not exist

[2026-01-13T06:54:30.506+0000] {taskinstance.py:1138} INFO - Marking task as UP_FOR_RETRY. dag_id=bronze_ingestion, task_id=fetch_products, execution_date=20260113T065428, start_date=20260113T065429, end_date=20260113T065430
[2026-01-13T06:54:30.521+0000] {standard_task_runner.py:107} ERROR - Failed to execute job 8 for task fetch_products (connection to server at "postgres" (172.19.0.3), port 5432 failed: FATAL:  database "data_warehouse" does not exist
; 4653)
[2026-01-13T06:54:30.532+0000] {local_task_job_runner.py:234} INFO - Task exited with return code 1
[2026-01-13T06:54:30.556+0000] {taskinstance.py:3280} INFO - 0 downstream tasks scheduled from follow-on schedule check
