[2026-01-13T09:05:24.996+0000] {taskinstance.py:1956} INFO - Dependencies all met for dep_context=non-requeueable deps ti=<TaskInstance: silver_transformation.wait_for_bronze_ingestion scheduled__2026-01-12T00:00:00+00:00 [queued]>
[2026-01-13T09:05:25.004+0000] {taskinstance.py:1956} INFO - Dependencies all met for dep_context=requeueable deps ti=<TaskInstance: silver_transformation.wait_for_bronze_ingestion scheduled__2026-01-12T00:00:00+00:00 [queued]>
[2026-01-13T09:05:25.005+0000] {taskinstance.py:2170} INFO - Starting attempt 12 of 14
[2026-01-13T09:05:25.021+0000] {taskinstance.py:2191} INFO - Executing <Task(ExternalTaskSensor): wait_for_bronze_ingestion> on 2026-01-12 00:00:00+00:00
[2026-01-13T09:05:25.026+0000] {standard_task_runner.py:60} INFO - Started process 263 to run task
[2026-01-13T09:05:25.031+0000] {standard_task_runner.py:87} INFO - Running: ['***', 'tasks', 'run', 'silver_transformation', 'wait_for_bronze_ingestion', 'scheduled__2026-01-12T00:00:00+00:00', '--job-id', '117', '--raw', '--subdir', 'DAGS_FOLDER/silver_transformation_dag.py', '--cfg-path', '/tmp/tmpe7v0xskd']
[2026-01-13T09:05:25.034+0000] {standard_task_runner.py:88} INFO - Job 117: Subtask wait_for_bronze_ingestion
[2026-01-13T09:05:25.119+0000] {task_command.py:423} INFO - Running <TaskInstance: silver_transformation.wait_for_bronze_ingestion scheduled__2026-01-12T00:00:00+00:00 [running]> on host 5cfc21719414
[2026-01-13T09:05:25.204+0000] {taskinstance.py:2480} INFO - Exporting env vars: AIRFLOW_CTX_DAG_OWNER='***' AIRFLOW_CTX_DAG_ID='silver_transformation' AIRFLOW_CTX_TASK_ID='wait_for_bronze_ingestion' AIRFLOW_CTX_EXECUTION_DATE='2026-01-12T00:00:00+00:00' AIRFLOW_CTX_TRY_NUMBER='12' AIRFLOW_CTX_DAG_RUN_ID='scheduled__2026-01-12T00:00:00+00:00'
[2026-01-13T09:05:25.226+0000] {taskinstance.py:2698} ERROR - Task failed with exception
Traceback (most recent call last):
  File "/home/airflow/.local/lib/python3.11/site-packages/airflow/models/taskinstance.py", line 433, in _execute_task
    result = execute_callable(context=context, **execute_callable_kwargs)
             ^^^^^^^^^^^^^^^^^^^^^^^^^^^^^^^^^^^^^^^^^^^^^^^^^^^^^^^^^^^^
  File "/home/airflow/.local/lib/python3.11/site-packages/airflow/sensors/external_task.py", line 334, in execute
    super().execute(context)
  File "/home/airflow/.local/lib/python3.11/site-packages/airflow/sensors/base.py", line 265, in execute
    raise e
  File "/home/airflow/.local/lib/python3.11/site-packages/airflow/sensors/base.py", line 247, in execute
    poke_return = self.poke(context)
                  ^^^^^^^^^^^^^^^^^^
  File "/home/airflow/.local/lib/python3.11/site-packages/airflow/utils/session.py", line 79, in wrapper
    return func(*args, session=session, **kwargs)
           ^^^^^^^^^^^^^^^^^^^^^^^^^^^^^^^^^^^^^^
  File "/home/airflow/.local/lib/python3.11/site-packages/airflow/sensors/external_task.py", line 241, in poke
    serialized_dttm_filter = ",".join(dt.isoformat() for dt in dttm_filter)
                             ^^^^^^^^^^^^^^^^^^^^^^^^^^^^^^^^^^^^^^^^^^^^^^
  File "/home/airflow/.local/lib/python3.11/site-packages/airflow/sensors/external_task.py", line 241, in <genexpr>
    serialized_dttm_filter = ",".join(dt.isoformat() for dt in dttm_filter)
                                      ^^^^^^^^^^^^
AttributeError: 'NoneType' object has no attribute 'isoformat'
[2026-01-13T09:05:25.249+0000] {taskinstance.py:1138} INFO - Marking task as UP_FOR_RETRY. dag_id=silver_transformation, task_id=wait_for_bronze_ingestion, execution_date=20260112T000000, start_date=20260113T090524, end_date=20260113T090525
[2026-01-13T09:05:25.291+0000] {standard_task_runner.py:107} ERROR - Failed to execute job 117 for task wait_for_bronze_ingestion ('NoneType' object has no attribute 'isoformat'; 263)
[2026-01-13T09:05:25.364+0000] {local_task_job_runner.py:234} INFO - Task exited with return code 1
[2026-01-13T09:05:25.387+0000] {taskinstance.py:3280} INFO - 0 downstream tasks scheduled from follow-on schedule check
