[2026-01-13T07:52:45.357+0000] {taskinstance.py:1956} INFO - Dependencies all met for dep_context=non-requeueable deps ti=<TaskInstance: silver_transformation.wait_for_bronze_ingestion scheduled__2026-01-12T00:00:00+00:00 [queued]>
[2026-01-13T07:52:45.365+0000] {taskinstance.py:1956} INFO - Dependencies all met for dep_context=requeueable deps ti=<TaskInstance: silver_transformation.wait_for_bronze_ingestion scheduled__2026-01-12T00:00:00+00:00 [queued]>
[2026-01-13T07:52:45.366+0000] {taskinstance.py:2170} INFO - Starting attempt 8 of 8
[2026-01-13T07:52:45.378+0000] {taskinstance.py:2191} INFO - Executing <Task(ExternalTaskSensor): wait_for_bronze_ingestion> on 2026-01-12 00:00:00+00:00
[2026-01-13T07:52:45.382+0000] {standard_task_runner.py:60} INFO - Started process 950 to run task
[2026-01-13T07:52:45.386+0000] {standard_task_runner.py:87} INFO - Running: ['***', 'tasks', 'run', 'silver_transformation', 'wait_for_bronze_ingestion', 'scheduled__2026-01-12T00:00:00+00:00', '--job-id', '101', '--raw', '--subdir', 'DAGS_FOLDER/silver_transformation_dag.py', '--cfg-path', '/tmp/tmpps85fzi3']
[2026-01-13T07:52:45.389+0000] {standard_task_runner.py:88} INFO - Job 101: Subtask wait_for_bronze_ingestion
[2026-01-13T07:52:45.465+0000] {task_command.py:423} INFO - Running <TaskInstance: silver_transformation.wait_for_bronze_ingestion scheduled__2026-01-12T00:00:00+00:00 [running]> on host d368bdbc9866
[2026-01-13T07:52:45.543+0000] {taskinstance.py:2480} INFO - Exporting env vars: AIRFLOW_CTX_DAG_OWNER='***' AIRFLOW_CTX_DAG_ID='silver_transformation' AIRFLOW_CTX_TASK_ID='wait_for_bronze_ingestion' AIRFLOW_CTX_EXECUTION_DATE='2026-01-12T00:00:00+00:00' AIRFLOW_CTX_TRY_NUMBER='8' AIRFLOW_CTX_DAG_RUN_ID='scheduled__2026-01-12T00:00:00+00:00'
[2026-01-13T07:52:45.554+0000] {external_task.py:260} INFO - Poking for DAG 'bronze_ingestion' on 2026-01-12T00:00:00+00:00 ... 
[2026-01-13T07:52:45.578+0000] {taskinstance.py:2698} ERROR - Task failed with exception
Traceback (most recent call last):
  File "/home/airflow/.local/lib/python3.11/site-packages/airflow/models/taskinstance.py", line 433, in _execute_task
    result = execute_callable(context=context, **execute_callable_kwargs)
             ^^^^^^^^^^^^^^^^^^^^^^^^^^^^^^^^^^^^^^^^^^^^^^^^^^^^^^^^^^^^
  File "/home/airflow/.local/lib/python3.11/site-packages/airflow/sensors/external_task.py", line 334, in execute
    super().execute(context)
  File "/home/airflow/.local/lib/python3.11/site-packages/airflow/sensors/base.py", line 265, in execute
    raise e
  File "/home/airflow/.local/lib/python3.11/site-packages/airflow/sensors/base.py", line 247, in execute
    poke_return = self.poke(context)
                  ^^^^^^^^^^^^^^^^^^
  File "/home/airflow/.local/lib/python3.11/site-packages/airflow/utils/session.py", line 79, in wrapper
    return func(*args, session=session, **kwargs)
           ^^^^^^^^^^^^^^^^^^^^^^^^^^^^^^^^^^^^^^
  File "/home/airflow/.local/lib/python3.11/site-packages/airflow/sensors/external_task.py", line 302, in poke
    raise AirflowException(f"The external DAG {self.external_dag_id} failed.")
airflow.exceptions.AirflowException: The external DAG bronze_ingestion failed.
[2026-01-13T07:52:45.581+0000] {taskinstance.py:1138} INFO - Marking task as FAILED. dag_id=silver_transformation, task_id=wait_for_bronze_ingestion, execution_date=20260112T000000, start_date=20260113T075245, end_date=20260113T075245
[2026-01-13T07:52:45.592+0000] {standard_task_runner.py:107} ERROR - Failed to execute job 101 for task wait_for_bronze_ingestion (The external DAG bronze_ingestion failed.; 950)
[2026-01-13T07:52:45.604+0000] {local_task_job_runner.py:234} INFO - Task exited with return code 1
[2026-01-13T07:52:45.629+0000] {taskinstance.py:3280} INFO - 0 downstream tasks scheduled from follow-on schedule check
