[2026-01-13T07:25:44.023+0000] {taskinstance.py:1956} INFO - Dependencies all met for dep_context=non-requeueable deps ti=<TaskInstance: silver_transformation.wait_for_bronze_ingestion scheduled__2026-01-12T00:00:00+00:00 [queued]>
[2026-01-13T07:25:44.029+0000] {taskinstance.py:1956} INFO - Dependencies all met for dep_context=requeueable deps ti=<TaskInstance: silver_transformation.wait_for_bronze_ingestion scheduled__2026-01-12T00:00:00+00:00 [queued]>
[2026-01-13T07:25:44.030+0000] {taskinstance.py:2170} INFO - Starting attempt 1 of 3
[2026-01-13T07:25:44.042+0000] {taskinstance.py:2191} INFO - Executing <Task(ExternalTaskSensor): wait_for_bronze_ingestion> on 2026-01-12 00:00:00+00:00
[2026-01-13T07:25:44.046+0000] {standard_task_runner.py:60} INFO - Started process 231 to run task
[2026-01-13T07:25:44.048+0000] {standard_task_runner.py:87} INFO - Running: ['***', 'tasks', 'run', 'silver_transformation', 'wait_for_bronze_ingestion', 'scheduled__2026-01-12T00:00:00+00:00', '--job-id', '53', '--raw', '--subdir', 'DAGS_FOLDER/silver_transformation_dag.py', '--cfg-path', '/tmp/tmpwhqczky4']
[2026-01-13T07:25:44.052+0000] {standard_task_runner.py:88} INFO - Job 53: Subtask wait_for_bronze_ingestion
[2026-01-13T07:25:44.133+0000] {task_command.py:423} INFO - Running <TaskInstance: silver_transformation.wait_for_bronze_ingestion scheduled__2026-01-12T00:00:00+00:00 [running]> on host e38eeedf51b6
[2026-01-13T07:25:44.216+0000] {taskinstance.py:2480} INFO - Exporting env vars: AIRFLOW_CTX_DAG_OWNER='***' AIRFLOW_CTX_DAG_ID='silver_transformation' AIRFLOW_CTX_TASK_ID='wait_for_bronze_ingestion' AIRFLOW_CTX_EXECUTION_DATE='2026-01-12T00:00:00+00:00' AIRFLOW_CTX_TRY_NUMBER='1' AIRFLOW_CTX_DAG_RUN_ID='scheduled__2026-01-12T00:00:00+00:00'
[2026-01-13T07:25:44.217+0000] {external_task.py:260} INFO - Poking for DAG 'bronze_ingestion' on 2026-01-12T00:00:00+00:00 ... 
[2026-01-13T07:26:14.224+0000] {external_task.py:260} INFO - Poking for DAG 'bronze_ingestion' on 2026-01-12T00:00:00+00:00 ... 
[2026-01-13T07:26:44.233+0000] {external_task.py:260} INFO - Poking for DAG 'bronze_ingestion' on 2026-01-12T00:00:00+00:00 ... 
[2026-01-13T07:27:14.244+0000] {external_task.py:260} INFO - Poking for DAG 'bronze_ingestion' on 2026-01-12T00:00:00+00:00 ... 
[2026-01-13T07:27:44.256+0000] {external_task.py:260} INFO - Poking for DAG 'bronze_ingestion' on 2026-01-12T00:00:00+00:00 ... 
[2026-01-13T07:28:14.265+0000] {external_task.py:260} INFO - Poking for DAG 'bronze_ingestion' on 2026-01-12T00:00:00+00:00 ... 
[2026-01-13T07:28:44.276+0000] {external_task.py:260} INFO - Poking for DAG 'bronze_ingestion' on 2026-01-12T00:00:00+00:00 ... 
[2026-01-13T07:29:14.292+0000] {external_task.py:260} INFO - Poking for DAG 'bronze_ingestion' on 2026-01-12T00:00:00+00:00 ... 
[2026-01-13T07:29:44.301+0000] {external_task.py:260} INFO - Poking for DAG 'bronze_ingestion' on 2026-01-12T00:00:00+00:00 ... 
[2026-01-13T07:30:14.308+0000] {external_task.py:260} INFO - Poking for DAG 'bronze_ingestion' on 2026-01-12T00:00:00+00:00 ... 
[2026-01-13T07:30:44.316+0000] {external_task.py:260} INFO - Poking for DAG 'bronze_ingestion' on 2026-01-12T00:00:00+00:00 ... 
[2026-01-13T07:31:14.328+0000] {external_task.py:260} INFO - Poking for DAG 'bronze_ingestion' on 2026-01-12T00:00:00+00:00 ... 
[2026-01-13T07:31:31.741+0000] {local_task_job_runner.py:302} WARNING - State of this instance has been externally set to failed. Terminating instance.
[2026-01-13T07:31:31.744+0000] {process_utils.py:131} INFO - Sending 15 to group 231. PIDs of all processes in the group: [231]
[2026-01-13T07:31:31.745+0000] {process_utils.py:86} INFO - Sending the signal 15 to group 231
[2026-01-13T07:31:31.746+0000] {taskinstance.py:2450} ERROR - Received SIGTERM. Terminating subprocesses.
[2026-01-13T07:31:31.798+0000] {process_utils.py:79} INFO - Process psutil.Process(pid=231, status='terminated', exitcode=0, started='07:25:43') (231) terminated with exit code 0
