[2026-01-13T06:56:22.359+0000] {taskinstance.py:1956} INFO - Dependencies all met for dep_context=non-requeueable deps ti=<TaskInstance: bronze_ingestion.generate_campaigns manual__2026-01-13T06:56:20.895386+00:00 [queued]>
[2026-01-13T06:56:22.374+0000] {taskinstance.py:1956} INFO - Dependencies all met for dep_context=requeueable deps ti=<TaskInstance: bronze_ingestion.generate_campaigns manual__2026-01-13T06:56:20.895386+00:00 [queued]>
[2026-01-13T06:56:22.375+0000] {taskinstance.py:2170} INFO - Starting attempt 1 of 3
[2026-01-13T06:56:22.390+0000] {taskinstance.py:2191} INFO - Executing <Task(PythonOperator): generate_campaigns> on 2026-01-13 06:56:20.895386+00:00
[2026-01-13T06:56:22.401+0000] {standard_task_runner.py:60} INFO - Started process 207 to run task
[2026-01-13T06:56:22.405+0000] {standard_task_runner.py:87} INFO - Running: ['***', 'tasks', 'run', 'bronze_ingestion', 'generate_campaigns', 'manual__2026-01-13T06:56:20.895386+00:00', '--job-id', '18', '--raw', '--subdir', 'DAGS_FOLDER/bronze_ingestion_dag.py', '--cfg-path', '/tmp/tmpvvymqbwd']
[2026-01-13T06:56:22.409+0000] {standard_task_runner.py:88} INFO - Job 18: Subtask generate_campaigns
[2026-01-13T06:56:22.525+0000] {task_command.py:423} INFO - Running <TaskInstance: bronze_ingestion.generate_campaigns manual__2026-01-13T06:56:20.895386+00:00 [running]> on host 06fe2fc76adc
[2026-01-13T06:56:22.652+0000] {taskinstance.py:2480} INFO - Exporting env vars: AIRFLOW_CTX_DAG_OWNER='***' AIRFLOW_CTX_DAG_ID='bronze_ingestion' AIRFLOW_CTX_TASK_ID='generate_campaigns' AIRFLOW_CTX_EXECUTION_DATE='2026-01-13T06:56:20.895386+00:00' AIRFLOW_CTX_TRY_NUMBER='1' AIRFLOW_CTX_DAG_RUN_ID='manual__2026-01-13T06:56:20.895386+00:00'
[2026-01-13T06:56:22.654+0000] {logging_mixin.py:188} INFO - 📢 Generating campaign data...
[2026-01-13T06:56:22.658+0000] {logging_mixin.py:188} INFO - ✅ Generated 5 campaigns
[2026-01-13T06:56:22.672+0000] {base.py:83} INFO - Using connection ID 'warehouse_db' for task execution.
[2026-01-13T06:56:22.679+0000] {taskinstance.py:2698} ERROR - Task failed with exception
Traceback (most recent call last):
  File "/home/airflow/.local/lib/python3.11/site-packages/airflow/models/taskinstance.py", line 433, in _execute_task
    result = execute_callable(context=context, **execute_callable_kwargs)
             ^^^^^^^^^^^^^^^^^^^^^^^^^^^^^^^^^^^^^^^^^^^^^^^^^^^^^^^^^^^^
  File "/home/airflow/.local/lib/python3.11/site-packages/airflow/operators/python.py", line 199, in execute
    return_value = self.execute_callable()
                   ^^^^^^^^^^^^^^^^^^^^^^^
  File "/home/airflow/.local/lib/python3.11/site-packages/airflow/operators/python.py", line 216, in execute_callable
    return self.python_callable(*self.op_args, **self.op_kwargs)
           ^^^^^^^^^^^^^^^^^^^^^^^^^^^^^^^^^^^^^^^^^^^^^^^^^^^^^
  File "/opt/airflow/dags/bronze_ingestion_dag.py", line 314, in generate_and_load_campaigns
    conn = postgres_hook.get_conn()
           ^^^^^^^^^^^^^^^^^^^^^^^^
  File "/home/airflow/.local/lib/python3.11/site-packages/airflow/providers/postgres/hooks/postgres.py", line 158, in get_conn
    self.conn = psycopg2.connect(**conn_args)
                ^^^^^^^^^^^^^^^^^^^^^^^^^^^^^
  File "/home/airflow/.local/lib/python3.11/site-packages/psycopg2/__init__.py", line 122, in connect
    conn = _connect(dsn, connection_factory=connection_factory, **kwasync)
           ^^^^^^^^^^^^^^^^^^^^^^^^^^^^^^^^^^^^^^^^^^^^^^^^^^^^^^^^^^^^^^^
psycopg2.OperationalError: connection to server at "postgres" (172.19.0.3), port 5432 failed: FATAL:  database "data_warehouse" does not exist

[2026-01-13T06:56:22.699+0000] {taskinstance.py:1138} INFO - Marking task as UP_FOR_RETRY. dag_id=bronze_ingestion, task_id=generate_campaigns, execution_date=20260113T065620, start_date=20260113T065622, end_date=20260113T065622
[2026-01-13T06:56:22.711+0000] {standard_task_runner.py:107} ERROR - Failed to execute job 18 for task generate_campaigns (connection to server at "postgres" (172.19.0.3), port 5432 failed: FATAL:  database "data_warehouse" does not exist
; 207)
[2026-01-13T06:56:22.738+0000] {local_task_job_runner.py:234} INFO - Task exited with return code 1
[2026-01-13T06:56:22.755+0000] {taskinstance.py:3280} INFO - 0 downstream tasks scheduled from follow-on schedule check
