[2026-01-13T09:20:37.646+0000] {processor.py:161} INFO - Started process (PID=448) to work on /opt/airflow/dags/gold_analytics_dag.py
[2026-01-13T09:20:37.647+0000] {processor.py:830} INFO - Processing file /opt/airflow/dags/gold_analytics_dag.py for tasks to queue
[2026-01-13T09:20:37.648+0000] {logging_mixin.py:188} INFO - [2026-01-13T09:20:37.647+0000] {dagbag.py:538} INFO - Filling up the DagBag from /opt/airflow/dags/gold_analytics_dag.py
[2026-01-13T09:20:37.662+0000] {processor.py:842} WARNING - No viable dags retrieved from /opt/airflow/dags/gold_analytics_dag.py
[2026-01-13T09:20:37.677+0000] {processor.py:183} INFO - Processing /opt/airflow/dags/gold_analytics_dag.py took 0.034 seconds
[2026-01-13T09:21:08.336+0000] {processor.py:161} INFO - Started process (PID=474) to work on /opt/airflow/dags/gold_analytics_dag.py
[2026-01-13T09:21:08.337+0000] {processor.py:830} INFO - Processing file /opt/airflow/dags/gold_analytics_dag.py for tasks to queue
[2026-01-13T09:21:08.338+0000] {logging_mixin.py:188} INFO - [2026-01-13T09:21:08.337+0000] {dagbag.py:538} INFO - Filling up the DagBag from /opt/airflow/dags/gold_analytics_dag.py
[2026-01-13T09:21:08.347+0000] {processor.py:842} WARNING - No viable dags retrieved from /opt/airflow/dags/gold_analytics_dag.py
[2026-01-13T09:21:08.360+0000] {processor.py:183} INFO - Processing /opt/airflow/dags/gold_analytics_dag.py took 0.026 seconds
[2026-01-13T09:21:39.042+0000] {processor.py:161} INFO - Started process (PID=500) to work on /opt/airflow/dags/gold_analytics_dag.py
[2026-01-13T09:21:39.043+0000] {processor.py:830} INFO - Processing file /opt/airflow/dags/gold_analytics_dag.py for tasks to queue
[2026-01-13T09:21:39.044+0000] {logging_mixin.py:188} INFO - [2026-01-13T09:21:39.044+0000] {dagbag.py:538} INFO - Filling up the DagBag from /opt/airflow/dags/gold_analytics_dag.py
[2026-01-13T09:21:39.056+0000] {processor.py:842} WARNING - No viable dags retrieved from /opt/airflow/dags/gold_analytics_dag.py
[2026-01-13T09:21:39.069+0000] {processor.py:183} INFO - Processing /opt/airflow/dags/gold_analytics_dag.py took 0.029 seconds
[2026-01-13T09:22:09.812+0000] {processor.py:161} INFO - Started process (PID=526) to work on /opt/airflow/dags/gold_analytics_dag.py
[2026-01-13T09:22:09.812+0000] {processor.py:830} INFO - Processing file /opt/airflow/dags/gold_analytics_dag.py for tasks to queue
[2026-01-13T09:22:09.813+0000] {logging_mixin.py:188} INFO - [2026-01-13T09:22:09.813+0000] {dagbag.py:538} INFO - Filling up the DagBag from /opt/airflow/dags/gold_analytics_dag.py
[2026-01-13T09:22:09.821+0000] {processor.py:842} WARNING - No viable dags retrieved from /opt/airflow/dags/gold_analytics_dag.py
[2026-01-13T09:22:09.834+0000] {processor.py:183} INFO - Processing /opt/airflow/dags/gold_analytics_dag.py took 0.025 seconds
[2026-01-13T09:22:40.569+0000] {processor.py:161} INFO - Started process (PID=552) to work on /opt/airflow/dags/gold_analytics_dag.py
[2026-01-13T09:22:40.569+0000] {processor.py:830} INFO - Processing file /opt/airflow/dags/gold_analytics_dag.py for tasks to queue
[2026-01-13T09:22:40.570+0000] {logging_mixin.py:188} INFO - [2026-01-13T09:22:40.570+0000] {dagbag.py:538} INFO - Filling up the DagBag from /opt/airflow/dags/gold_analytics_dag.py
[2026-01-13T09:22:40.576+0000] {processor.py:842} WARNING - No viable dags retrieved from /opt/airflow/dags/gold_analytics_dag.py
[2026-01-13T09:22:40.590+0000] {processor.py:183} INFO - Processing /opt/airflow/dags/gold_analytics_dag.py took 0.023 seconds
[2026-01-13T09:23:11.359+0000] {processor.py:161} INFO - Started process (PID=578) to work on /opt/airflow/dags/gold_analytics_dag.py
[2026-01-13T09:23:11.359+0000] {processor.py:830} INFO - Processing file /opt/airflow/dags/gold_analytics_dag.py for tasks to queue
[2026-01-13T09:23:11.360+0000] {logging_mixin.py:188} INFO - [2026-01-13T09:23:11.360+0000] {dagbag.py:538} INFO - Filling up the DagBag from /opt/airflow/dags/gold_analytics_dag.py
[2026-01-13T09:23:11.368+0000] {processor.py:842} WARNING - No viable dags retrieved from /opt/airflow/dags/gold_analytics_dag.py
[2026-01-13T09:23:11.381+0000] {processor.py:183} INFO - Processing /opt/airflow/dags/gold_analytics_dag.py took 0.025 seconds
[2026-01-13T09:23:42.120+0000] {processor.py:161} INFO - Started process (PID=604) to work on /opt/airflow/dags/gold_analytics_dag.py
[2026-01-13T09:23:42.121+0000] {processor.py:830} INFO - Processing file /opt/airflow/dags/gold_analytics_dag.py for tasks to queue
[2026-01-13T09:23:42.122+0000] {logging_mixin.py:188} INFO - [2026-01-13T09:23:42.121+0000] {dagbag.py:538} INFO - Filling up the DagBag from /opt/airflow/dags/gold_analytics_dag.py
[2026-01-13T09:23:42.129+0000] {processor.py:842} WARNING - No viable dags retrieved from /opt/airflow/dags/gold_analytics_dag.py
[2026-01-13T09:23:42.142+0000] {processor.py:183} INFO - Processing /opt/airflow/dags/gold_analytics_dag.py took 0.024 seconds
[2026-01-13T09:24:12.826+0000] {processor.py:161} INFO - Started process (PID=630) to work on /opt/airflow/dags/gold_analytics_dag.py
[2026-01-13T09:24:12.827+0000] {processor.py:830} INFO - Processing file /opt/airflow/dags/gold_analytics_dag.py for tasks to queue
[2026-01-13T09:24:12.828+0000] {logging_mixin.py:188} INFO - [2026-01-13T09:24:12.827+0000] {dagbag.py:538} INFO - Filling up the DagBag from /opt/airflow/dags/gold_analytics_dag.py
[2026-01-13T09:24:12.839+0000] {processor.py:842} WARNING - No viable dags retrieved from /opt/airflow/dags/gold_analytics_dag.py
[2026-01-13T09:24:12.855+0000] {processor.py:183} INFO - Processing /opt/airflow/dags/gold_analytics_dag.py took 0.031 seconds
[2026-01-13T09:24:43.590+0000] {processor.py:161} INFO - Started process (PID=656) to work on /opt/airflow/dags/gold_analytics_dag.py
[2026-01-13T09:24:43.590+0000] {processor.py:830} INFO - Processing file /opt/airflow/dags/gold_analytics_dag.py for tasks to queue
[2026-01-13T09:24:43.591+0000] {logging_mixin.py:188} INFO - [2026-01-13T09:24:43.591+0000] {dagbag.py:538} INFO - Filling up the DagBag from /opt/airflow/dags/gold_analytics_dag.py
[2026-01-13T09:24:43.599+0000] {processor.py:842} WARNING - No viable dags retrieved from /opt/airflow/dags/gold_analytics_dag.py
[2026-01-13T09:24:43.612+0000] {processor.py:183} INFO - Processing /opt/airflow/dags/gold_analytics_dag.py took 0.025 seconds
[2026-01-13T09:25:14.188+0000] {processor.py:161} INFO - Started process (PID=682) to work on /opt/airflow/dags/gold_analytics_dag.py
[2026-01-13T09:25:14.189+0000] {processor.py:830} INFO - Processing file /opt/airflow/dags/gold_analytics_dag.py for tasks to queue
[2026-01-13T09:25:14.190+0000] {logging_mixin.py:188} INFO - [2026-01-13T09:25:14.190+0000] {dagbag.py:538} INFO - Filling up the DagBag from /opt/airflow/dags/gold_analytics_dag.py
[2026-01-13T09:25:14.200+0000] {processor.py:842} WARNING - No viable dags retrieved from /opt/airflow/dags/gold_analytics_dag.py
[2026-01-13T09:25:14.217+0000] {processor.py:183} INFO - Processing /opt/airflow/dags/gold_analytics_dag.py took 0.032 seconds
[2026-01-13T09:25:44.851+0000] {processor.py:161} INFO - Started process (PID=708) to work on /opt/airflow/dags/gold_analytics_dag.py
[2026-01-13T09:25:44.852+0000] {processor.py:830} INFO - Processing file /opt/airflow/dags/gold_analytics_dag.py for tasks to queue
[2026-01-13T09:25:44.854+0000] {logging_mixin.py:188} INFO - [2026-01-13T09:25:44.853+0000] {dagbag.py:538} INFO - Filling up the DagBag from /opt/airflow/dags/gold_analytics_dag.py
[2026-01-13T09:25:44.866+0000] {processor.py:842} WARNING - No viable dags retrieved from /opt/airflow/dags/gold_analytics_dag.py
[2026-01-13T09:25:44.882+0000] {processor.py:183} INFO - Processing /opt/airflow/dags/gold_analytics_dag.py took 0.035 seconds
[2026-01-13T09:26:15.464+0000] {processor.py:161} INFO - Started process (PID=734) to work on /opt/airflow/dags/gold_analytics_dag.py
[2026-01-13T09:26:15.465+0000] {processor.py:830} INFO - Processing file /opt/airflow/dags/gold_analytics_dag.py for tasks to queue
[2026-01-13T09:26:15.466+0000] {logging_mixin.py:188} INFO - [2026-01-13T09:26:15.466+0000] {dagbag.py:538} INFO - Filling up the DagBag from /opt/airflow/dags/gold_analytics_dag.py
[2026-01-13T09:26:15.484+0000] {processor.py:842} WARNING - No viable dags retrieved from /opt/airflow/dags/gold_analytics_dag.py
[2026-01-13T09:26:15.499+0000] {processor.py:183} INFO - Processing /opt/airflow/dags/gold_analytics_dag.py took 0.037 seconds
[2026-01-13T09:26:46.096+0000] {processor.py:161} INFO - Started process (PID=760) to work on /opt/airflow/dags/gold_analytics_dag.py
[2026-01-13T09:26:46.097+0000] {processor.py:830} INFO - Processing file /opt/airflow/dags/gold_analytics_dag.py for tasks to queue
[2026-01-13T09:26:46.098+0000] {logging_mixin.py:188} INFO - [2026-01-13T09:26:46.098+0000] {dagbag.py:538} INFO - Filling up the DagBag from /opt/airflow/dags/gold_analytics_dag.py
[2026-01-13T09:26:46.115+0000] {processor.py:842} WARNING - No viable dags retrieved from /opt/airflow/dags/gold_analytics_dag.py
[2026-01-13T09:26:46.129+0000] {processor.py:183} INFO - Processing /opt/airflow/dags/gold_analytics_dag.py took 0.036 seconds
[2026-01-13T09:27:16.715+0000] {processor.py:161} INFO - Started process (PID=786) to work on /opt/airflow/dags/gold_analytics_dag.py
[2026-01-13T09:27:16.716+0000] {processor.py:830} INFO - Processing file /opt/airflow/dags/gold_analytics_dag.py for tasks to queue
[2026-01-13T09:27:16.717+0000] {logging_mixin.py:188} INFO - [2026-01-13T09:27:16.716+0000] {dagbag.py:538} INFO - Filling up the DagBag from /opt/airflow/dags/gold_analytics_dag.py
[2026-01-13T09:27:16.725+0000] {processor.py:842} WARNING - No viable dags retrieved from /opt/airflow/dags/gold_analytics_dag.py
[2026-01-13T09:27:16.741+0000] {processor.py:183} INFO - Processing /opt/airflow/dags/gold_analytics_dag.py took 0.031 seconds
[2026-01-13T09:27:47.380+0000] {processor.py:161} INFO - Started process (PID=812) to work on /opt/airflow/dags/gold_analytics_dag.py
[2026-01-13T09:27:47.381+0000] {processor.py:830} INFO - Processing file /opt/airflow/dags/gold_analytics_dag.py for tasks to queue
[2026-01-13T09:27:47.383+0000] {logging_mixin.py:188} INFO - [2026-01-13T09:27:47.382+0000] {dagbag.py:538} INFO - Filling up the DagBag from /opt/airflow/dags/gold_analytics_dag.py
[2026-01-13T09:27:47.400+0000] {processor.py:842} WARNING - No viable dags retrieved from /opt/airflow/dags/gold_analytics_dag.py
[2026-01-13T09:27:47.442+0000] {processor.py:183} INFO - Processing /opt/airflow/dags/gold_analytics_dag.py took 0.065 seconds
[2026-01-13T09:28:18.125+0000] {processor.py:161} INFO - Started process (PID=838) to work on /opt/airflow/dags/gold_analytics_dag.py
[2026-01-13T09:28:18.125+0000] {processor.py:830} INFO - Processing file /opt/airflow/dags/gold_analytics_dag.py for tasks to queue
[2026-01-13T09:28:18.126+0000] {logging_mixin.py:188} INFO - [2026-01-13T09:28:18.126+0000] {dagbag.py:538} INFO - Filling up the DagBag from /opt/airflow/dags/gold_analytics_dag.py
[2026-01-13T09:28:18.145+0000] {processor.py:842} WARNING - No viable dags retrieved from /opt/airflow/dags/gold_analytics_dag.py
[2026-01-13T09:28:18.158+0000] {processor.py:183} INFO - Processing /opt/airflow/dags/gold_analytics_dag.py took 0.036 seconds
[2026-01-13T09:28:48.764+0000] {processor.py:161} INFO - Started process (PID=864) to work on /opt/airflow/dags/gold_analytics_dag.py
[2026-01-13T09:28:48.764+0000] {processor.py:830} INFO - Processing file /opt/airflow/dags/gold_analytics_dag.py for tasks to queue
[2026-01-13T09:28:48.765+0000] {logging_mixin.py:188} INFO - [2026-01-13T09:28:48.765+0000] {dagbag.py:538} INFO - Filling up the DagBag from /opt/airflow/dags/gold_analytics_dag.py
[2026-01-13T09:28:48.778+0000] {processor.py:842} WARNING - No viable dags retrieved from /opt/airflow/dags/gold_analytics_dag.py
[2026-01-13T09:28:48.792+0000] {processor.py:183} INFO - Processing /opt/airflow/dags/gold_analytics_dag.py took 0.031 seconds
[2026-01-13T09:29:19.301+0000] {processor.py:161} INFO - Started process (PID=890) to work on /opt/airflow/dags/gold_analytics_dag.py
[2026-01-13T09:29:19.302+0000] {processor.py:830} INFO - Processing file /opt/airflow/dags/gold_analytics_dag.py for tasks to queue
[2026-01-13T09:29:19.303+0000] {logging_mixin.py:188} INFO - [2026-01-13T09:29:19.302+0000] {dagbag.py:538} INFO - Filling up the DagBag from /opt/airflow/dags/gold_analytics_dag.py
[2026-01-13T09:29:19.313+0000] {processor.py:842} WARNING - No viable dags retrieved from /opt/airflow/dags/gold_analytics_dag.py
[2026-01-13T09:29:19.337+0000] {processor.py:183} INFO - Processing /opt/airflow/dags/gold_analytics_dag.py took 0.039 seconds
[2026-01-13T09:29:49.967+0000] {processor.py:161} INFO - Started process (PID=916) to work on /opt/airflow/dags/gold_analytics_dag.py
[2026-01-13T09:29:49.968+0000] {processor.py:830} INFO - Processing file /opt/airflow/dags/gold_analytics_dag.py for tasks to queue
[2026-01-13T09:29:49.970+0000] {logging_mixin.py:188} INFO - [2026-01-13T09:29:49.969+0000] {dagbag.py:538} INFO - Filling up the DagBag from /opt/airflow/dags/gold_analytics_dag.py
[2026-01-13T09:29:49.984+0000] {processor.py:842} WARNING - No viable dags retrieved from /opt/airflow/dags/gold_analytics_dag.py
[2026-01-13T09:29:50.007+0000] {processor.py:183} INFO - Processing /opt/airflow/dags/gold_analytics_dag.py took 0.043 seconds
[2026-01-13T09:30:20.592+0000] {processor.py:161} INFO - Started process (PID=942) to work on /opt/airflow/dags/gold_analytics_dag.py
[2026-01-13T09:30:20.593+0000] {processor.py:830} INFO - Processing file /opt/airflow/dags/gold_analytics_dag.py for tasks to queue
[2026-01-13T09:30:20.594+0000] {logging_mixin.py:188} INFO - [2026-01-13T09:30:20.594+0000] {dagbag.py:538} INFO - Filling up the DagBag from /opt/airflow/dags/gold_analytics_dag.py
[2026-01-13T09:30:20.609+0000] {processor.py:842} WARNING - No viable dags retrieved from /opt/airflow/dags/gold_analytics_dag.py
[2026-01-13T09:30:20.648+0000] {processor.py:183} INFO - Processing /opt/airflow/dags/gold_analytics_dag.py took 0.060 seconds
[2026-01-13T09:30:51.325+0000] {processor.py:161} INFO - Started process (PID=968) to work on /opt/airflow/dags/gold_analytics_dag.py
[2026-01-13T09:30:51.326+0000] {processor.py:830} INFO - Processing file /opt/airflow/dags/gold_analytics_dag.py for tasks to queue
[2026-01-13T09:30:51.327+0000] {logging_mixin.py:188} INFO - [2026-01-13T09:30:51.326+0000] {dagbag.py:538} INFO - Filling up the DagBag from /opt/airflow/dags/gold_analytics_dag.py
[2026-01-13T09:30:51.338+0000] {processor.py:842} WARNING - No viable dags retrieved from /opt/airflow/dags/gold_analytics_dag.py
[2026-01-13T09:30:51.356+0000] {processor.py:183} INFO - Processing /opt/airflow/dags/gold_analytics_dag.py took 0.033 seconds
[2026-01-13T09:31:22.143+0000] {processor.py:161} INFO - Started process (PID=999) to work on /opt/airflow/dags/gold_analytics_dag.py
[2026-01-13T09:31:22.144+0000] {processor.py:830} INFO - Processing file /opt/airflow/dags/gold_analytics_dag.py for tasks to queue
[2026-01-13T09:31:22.145+0000] {logging_mixin.py:188} INFO - [2026-01-13T09:31:22.145+0000] {dagbag.py:538} INFO - Filling up the DagBag from /opt/airflow/dags/gold_analytics_dag.py
[2026-01-13T09:31:22.155+0000] {processor.py:842} WARNING - No viable dags retrieved from /opt/airflow/dags/gold_analytics_dag.py
[2026-01-13T09:31:22.170+0000] {processor.py:183} INFO - Processing /opt/airflow/dags/gold_analytics_dag.py took 0.031 seconds
[2026-01-13T09:31:52.717+0000] {processor.py:161} INFO - Started process (PID=1035) to work on /opt/airflow/dags/gold_analytics_dag.py
[2026-01-13T09:31:52.717+0000] {processor.py:830} INFO - Processing file /opt/airflow/dags/gold_analytics_dag.py for tasks to queue
[2026-01-13T09:31:52.718+0000] {logging_mixin.py:188} INFO - [2026-01-13T09:31:52.718+0000] {dagbag.py:538} INFO - Filling up the DagBag from /opt/airflow/dags/gold_analytics_dag.py
[2026-01-13T09:31:52.726+0000] {processor.py:842} WARNING - No viable dags retrieved from /opt/airflow/dags/gold_analytics_dag.py
[2026-01-13T09:31:52.741+0000] {processor.py:183} INFO - Processing /opt/airflow/dags/gold_analytics_dag.py took 0.027 seconds
[2026-01-13T09:32:23.388+0000] {processor.py:161} INFO - Started process (PID=1081) to work on /opt/airflow/dags/gold_analytics_dag.py
[2026-01-13T09:32:23.389+0000] {processor.py:830} INFO - Processing file /opt/airflow/dags/gold_analytics_dag.py for tasks to queue
[2026-01-13T09:32:23.389+0000] {logging_mixin.py:188} INFO - [2026-01-13T09:32:23.389+0000] {dagbag.py:538} INFO - Filling up the DagBag from /opt/airflow/dags/gold_analytics_dag.py
[2026-01-13T09:32:23.397+0000] {processor.py:842} WARNING - No viable dags retrieved from /opt/airflow/dags/gold_analytics_dag.py
[2026-01-13T09:32:23.413+0000] {processor.py:183} INFO - Processing /opt/airflow/dags/gold_analytics_dag.py took 0.029 seconds
[2026-01-13T09:32:54.020+0000] {processor.py:161} INFO - Started process (PID=1107) to work on /opt/airflow/dags/gold_analytics_dag.py
[2026-01-13T09:32:54.021+0000] {processor.py:830} INFO - Processing file /opt/airflow/dags/gold_analytics_dag.py for tasks to queue
[2026-01-13T09:32:54.022+0000] {logging_mixin.py:188} INFO - [2026-01-13T09:32:54.022+0000] {dagbag.py:538} INFO - Filling up the DagBag from /opt/airflow/dags/gold_analytics_dag.py
[2026-01-13T09:32:54.030+0000] {processor.py:842} WARNING - No viable dags retrieved from /opt/airflow/dags/gold_analytics_dag.py
[2026-01-13T09:32:54.045+0000] {processor.py:183} INFO - Processing /opt/airflow/dags/gold_analytics_dag.py took 0.029 seconds
[2026-01-13T09:33:24.577+0000] {processor.py:161} INFO - Started process (PID=1143) to work on /opt/airflow/dags/gold_analytics_dag.py
[2026-01-13T09:33:24.578+0000] {processor.py:830} INFO - Processing file /opt/airflow/dags/gold_analytics_dag.py for tasks to queue
[2026-01-13T09:33:24.580+0000] {logging_mixin.py:188} INFO - [2026-01-13T09:33:24.579+0000] {dagbag.py:538} INFO - Filling up the DagBag from /opt/airflow/dags/gold_analytics_dag.py
[2026-01-13T09:33:24.595+0000] {processor.py:842} WARNING - No viable dags retrieved from /opt/airflow/dags/gold_analytics_dag.py
[2026-01-13T09:33:24.615+0000] {processor.py:183} INFO - Processing /opt/airflow/dags/gold_analytics_dag.py took 0.042 seconds
[2026-01-13T09:34:08.959+0000] {processor.py:161} INFO - Started process (PID=186) to work on /opt/airflow/dags/gold_analytics_dag.py
[2026-01-13T09:34:08.960+0000] {processor.py:830} INFO - Processing file /opt/airflow/dags/gold_analytics_dag.py for tasks to queue
[2026-01-13T09:34:08.961+0000] {logging_mixin.py:188} INFO - [2026-01-13T09:34:08.961+0000] {dagbag.py:538} INFO - Filling up the DagBag from /opt/airflow/dags/gold_analytics_dag.py
[2026-01-13T09:34:08.977+0000] {processor.py:842} WARNING - No viable dags retrieved from /opt/airflow/dags/gold_analytics_dag.py
[2026-01-13T09:34:08.995+0000] {processor.py:183} INFO - Processing /opt/airflow/dags/gold_analytics_dag.py took 0.040 seconds
[2026-01-13T09:34:39.685+0000] {processor.py:161} INFO - Started process (PID=239) to work on /opt/airflow/dags/gold_analytics_dag.py
[2026-01-13T09:34:39.686+0000] {processor.py:830} INFO - Processing file /opt/airflow/dags/gold_analytics_dag.py for tasks to queue
[2026-01-13T09:34:39.688+0000] {logging_mixin.py:188} INFO - [2026-01-13T09:34:39.688+0000] {dagbag.py:538} INFO - Filling up the DagBag from /opt/airflow/dags/gold_analytics_dag.py
[2026-01-13T09:34:39.714+0000] {processor.py:842} WARNING - No viable dags retrieved from /opt/airflow/dags/gold_analytics_dag.py
[2026-01-13T09:34:39.743+0000] {processor.py:183} INFO - Processing /opt/airflow/dags/gold_analytics_dag.py took 0.063 seconds
[2026-01-13T09:35:10.413+0000] {processor.py:161} INFO - Started process (PID=275) to work on /opt/airflow/dags/gold_analytics_dag.py
[2026-01-13T09:35:10.414+0000] {processor.py:830} INFO - Processing file /opt/airflow/dags/gold_analytics_dag.py for tasks to queue
[2026-01-13T09:35:10.415+0000] {logging_mixin.py:188} INFO - [2026-01-13T09:35:10.415+0000] {dagbag.py:538} INFO - Filling up the DagBag from /opt/airflow/dags/gold_analytics_dag.py
[2026-01-13T09:35:10.427+0000] {processor.py:842} WARNING - No viable dags retrieved from /opt/airflow/dags/gold_analytics_dag.py
[2026-01-13T09:35:10.442+0000] {processor.py:183} INFO - Processing /opt/airflow/dags/gold_analytics_dag.py took 0.032 seconds
[2026-01-13T09:35:41.106+0000] {processor.py:161} INFO - Started process (PID=301) to work on /opt/airflow/dags/gold_analytics_dag.py
[2026-01-13T09:35:41.107+0000] {processor.py:830} INFO - Processing file /opt/airflow/dags/gold_analytics_dag.py for tasks to queue
[2026-01-13T09:35:41.109+0000] {logging_mixin.py:188} INFO - [2026-01-13T09:35:41.108+0000] {dagbag.py:538} INFO - Filling up the DagBag from /opt/airflow/dags/gold_analytics_dag.py
[2026-01-13T09:35:41.124+0000] {processor.py:842} WARNING - No viable dags retrieved from /opt/airflow/dags/gold_analytics_dag.py
[2026-01-13T09:35:41.150+0000] {processor.py:183} INFO - Processing /opt/airflow/dags/gold_analytics_dag.py took 0.047 seconds
[2026-01-13T09:36:11.725+0000] {processor.py:161} INFO - Started process (PID=337) to work on /opt/airflow/dags/gold_analytics_dag.py
[2026-01-13T09:36:11.726+0000] {processor.py:830} INFO - Processing file /opt/airflow/dags/gold_analytics_dag.py for tasks to queue
[2026-01-13T09:36:11.728+0000] {logging_mixin.py:188} INFO - [2026-01-13T09:36:11.727+0000] {dagbag.py:538} INFO - Filling up the DagBag from /opt/airflow/dags/gold_analytics_dag.py
[2026-01-13T09:36:11.749+0000] {processor.py:842} WARNING - No viable dags retrieved from /opt/airflow/dags/gold_analytics_dag.py
[2026-01-13T09:36:11.767+0000] {processor.py:183} INFO - Processing /opt/airflow/dags/gold_analytics_dag.py took 0.046 seconds
[2026-01-13T09:36:42.513+0000] {processor.py:161} INFO - Started process (PID=363) to work on /opt/airflow/dags/gold_analytics_dag.py
[2026-01-13T09:36:42.514+0000] {processor.py:830} INFO - Processing file /opt/airflow/dags/gold_analytics_dag.py for tasks to queue
[2026-01-13T09:36:42.515+0000] {logging_mixin.py:188} INFO - [2026-01-13T09:36:42.514+0000] {dagbag.py:538} INFO - Filling up the DagBag from /opt/airflow/dags/gold_analytics_dag.py
[2026-01-13T09:36:42.523+0000] {processor.py:842} WARNING - No viable dags retrieved from /opt/airflow/dags/gold_analytics_dag.py
[2026-01-13T09:36:42.543+0000] {processor.py:183} INFO - Processing /opt/airflow/dags/gold_analytics_dag.py took 0.033 seconds
[2026-01-13T09:37:13.189+0000] {processor.py:161} INFO - Started process (PID=399) to work on /opt/airflow/dags/gold_analytics_dag.py
[2026-01-13T09:37:13.190+0000] {processor.py:830} INFO - Processing file /opt/airflow/dags/gold_analytics_dag.py for tasks to queue
[2026-01-13T09:37:13.191+0000] {logging_mixin.py:188} INFO - [2026-01-13T09:37:13.191+0000] {dagbag.py:538} INFO - Filling up the DagBag from /opt/airflow/dags/gold_analytics_dag.py
[2026-01-13T09:37:13.206+0000] {processor.py:842} WARNING - No viable dags retrieved from /opt/airflow/dags/gold_analytics_dag.py
[2026-01-13T09:37:13.223+0000] {processor.py:183} INFO - Processing /opt/airflow/dags/gold_analytics_dag.py took 0.037 seconds
[2026-01-13T09:37:43.925+0000] {processor.py:161} INFO - Started process (PID=425) to work on /opt/airflow/dags/gold_analytics_dag.py
[2026-01-13T09:37:43.927+0000] {processor.py:830} INFO - Processing file /opt/airflow/dags/gold_analytics_dag.py for tasks to queue
[2026-01-13T09:37:43.930+0000] {logging_mixin.py:188} INFO - [2026-01-13T09:37:43.928+0000] {dagbag.py:538} INFO - Filling up the DagBag from /opt/airflow/dags/gold_analytics_dag.py
[2026-01-13T09:37:43.957+0000] {processor.py:842} WARNING - No viable dags retrieved from /opt/airflow/dags/gold_analytics_dag.py
[2026-01-13T09:37:43.973+0000] {processor.py:183} INFO - Processing /opt/airflow/dags/gold_analytics_dag.py took 0.050 seconds
[2026-01-13T09:38:14.608+0000] {processor.py:161} INFO - Started process (PID=461) to work on /opt/airflow/dags/gold_analytics_dag.py
[2026-01-13T09:38:14.608+0000] {processor.py:830} INFO - Processing file /opt/airflow/dags/gold_analytics_dag.py for tasks to queue
[2026-01-13T09:38:14.609+0000] {logging_mixin.py:188} INFO - [2026-01-13T09:38:14.609+0000] {dagbag.py:538} INFO - Filling up the DagBag from /opt/airflow/dags/gold_analytics_dag.py
[2026-01-13T09:38:14.620+0000] {processor.py:842} WARNING - No viable dags retrieved from /opt/airflow/dags/gold_analytics_dag.py
[2026-01-13T09:38:14.635+0000] {processor.py:183} INFO - Processing /opt/airflow/dags/gold_analytics_dag.py took 0.030 seconds
[2026-01-13T09:38:45.291+0000] {processor.py:161} INFO - Started process (PID=487) to work on /opt/airflow/dags/gold_analytics_dag.py
[2026-01-13T09:38:45.292+0000] {processor.py:830} INFO - Processing file /opt/airflow/dags/gold_analytics_dag.py for tasks to queue
[2026-01-13T09:38:45.293+0000] {logging_mixin.py:188} INFO - [2026-01-13T09:38:45.292+0000] {dagbag.py:538} INFO - Filling up the DagBag from /opt/airflow/dags/gold_analytics_dag.py
[2026-01-13T09:38:45.305+0000] {processor.py:842} WARNING - No viable dags retrieved from /opt/airflow/dags/gold_analytics_dag.py
[2026-01-13T09:38:45.322+0000] {processor.py:183} INFO - Processing /opt/airflow/dags/gold_analytics_dag.py took 0.034 seconds
[2026-01-13T09:39:16.105+0000] {processor.py:161} INFO - Started process (PID=523) to work on /opt/airflow/dags/gold_analytics_dag.py
[2026-01-13T09:39:16.106+0000] {processor.py:830} INFO - Processing file /opt/airflow/dags/gold_analytics_dag.py for tasks to queue
[2026-01-13T09:39:16.107+0000] {logging_mixin.py:188} INFO - [2026-01-13T09:39:16.107+0000] {dagbag.py:538} INFO - Filling up the DagBag from /opt/airflow/dags/gold_analytics_dag.py
[2026-01-13T09:39:16.125+0000] {processor.py:842} WARNING - No viable dags retrieved from /opt/airflow/dags/gold_analytics_dag.py
[2026-01-13T09:39:16.146+0000] {processor.py:183} INFO - Processing /opt/airflow/dags/gold_analytics_dag.py took 0.045 seconds
[2026-01-13T09:39:46.698+0000] {processor.py:161} INFO - Started process (PID=549) to work on /opt/airflow/dags/gold_analytics_dag.py
[2026-01-13T09:39:46.699+0000] {processor.py:830} INFO - Processing file /opt/airflow/dags/gold_analytics_dag.py for tasks to queue
[2026-01-13T09:39:46.701+0000] {logging_mixin.py:188} INFO - [2026-01-13T09:39:46.700+0000] {dagbag.py:538} INFO - Filling up the DagBag from /opt/airflow/dags/gold_analytics_dag.py
[2026-01-13T09:39:46.717+0000] {processor.py:842} WARNING - No viable dags retrieved from /opt/airflow/dags/gold_analytics_dag.py
[2026-01-13T09:39:46.735+0000] {processor.py:183} INFO - Processing /opt/airflow/dags/gold_analytics_dag.py took 0.040 seconds
[2026-01-13T09:40:17.328+0000] {processor.py:161} INFO - Started process (PID=585) to work on /opt/airflow/dags/gold_analytics_dag.py
[2026-01-13T09:40:17.329+0000] {processor.py:830} INFO - Processing file /opt/airflow/dags/gold_analytics_dag.py for tasks to queue
[2026-01-13T09:40:17.330+0000] {logging_mixin.py:188} INFO - [2026-01-13T09:40:17.330+0000] {dagbag.py:538} INFO - Filling up the DagBag from /opt/airflow/dags/gold_analytics_dag.py
[2026-01-13T09:40:17.348+0000] {processor.py:842} WARNING - No viable dags retrieved from /opt/airflow/dags/gold_analytics_dag.py
[2026-01-13T09:40:17.364+0000] {processor.py:183} INFO - Processing /opt/airflow/dags/gold_analytics_dag.py took 0.040 seconds
[2026-01-13T09:40:47.993+0000] {processor.py:161} INFO - Started process (PID=611) to work on /opt/airflow/dags/gold_analytics_dag.py
[2026-01-13T09:40:47.994+0000] {processor.py:830} INFO - Processing file /opt/airflow/dags/gold_analytics_dag.py for tasks to queue
[2026-01-13T09:40:47.996+0000] {logging_mixin.py:188} INFO - [2026-01-13T09:40:47.995+0000] {dagbag.py:538} INFO - Filling up the DagBag from /opt/airflow/dags/gold_analytics_dag.py
[2026-01-13T09:40:48.012+0000] {processor.py:842} WARNING - No viable dags retrieved from /opt/airflow/dags/gold_analytics_dag.py
[2026-01-13T09:40:48.032+0000] {processor.py:183} INFO - Processing /opt/airflow/dags/gold_analytics_dag.py took 0.042 seconds
[2026-01-13T09:41:18.614+0000] {processor.py:161} INFO - Started process (PID=647) to work on /opt/airflow/dags/gold_analytics_dag.py
[2026-01-13T09:41:18.614+0000] {processor.py:830} INFO - Processing file /opt/airflow/dags/gold_analytics_dag.py for tasks to queue
[2026-01-13T09:41:18.616+0000] {logging_mixin.py:188} INFO - [2026-01-13T09:41:18.615+0000] {dagbag.py:538} INFO - Filling up the DagBag from /opt/airflow/dags/gold_analytics_dag.py
[2026-01-13T09:41:18.629+0000] {processor.py:842} WARNING - No viable dags retrieved from /opt/airflow/dags/gold_analytics_dag.py
[2026-01-13T09:41:18.646+0000] {processor.py:183} INFO - Processing /opt/airflow/dags/gold_analytics_dag.py took 0.035 seconds
[2026-01-13T09:41:49.308+0000] {processor.py:161} INFO - Started process (PID=673) to work on /opt/airflow/dags/gold_analytics_dag.py
[2026-01-13T09:41:49.309+0000] {processor.py:830} INFO - Processing file /opt/airflow/dags/gold_analytics_dag.py for tasks to queue
[2026-01-13T09:41:49.310+0000] {logging_mixin.py:188} INFO - [2026-01-13T09:41:49.310+0000] {dagbag.py:538} INFO - Filling up the DagBag from /opt/airflow/dags/gold_analytics_dag.py
[2026-01-13T09:41:49.321+0000] {processor.py:842} WARNING - No viable dags retrieved from /opt/airflow/dags/gold_analytics_dag.py
[2026-01-13T09:41:49.337+0000] {processor.py:183} INFO - Processing /opt/airflow/dags/gold_analytics_dag.py took 0.034 seconds
[2026-01-13T09:42:20.049+0000] {processor.py:161} INFO - Started process (PID=709) to work on /opt/airflow/dags/gold_analytics_dag.py
[2026-01-13T09:42:20.051+0000] {processor.py:830} INFO - Processing file /opt/airflow/dags/gold_analytics_dag.py for tasks to queue
[2026-01-13T09:42:20.053+0000] {logging_mixin.py:188} INFO - [2026-01-13T09:42:20.052+0000] {dagbag.py:538} INFO - Filling up the DagBag from /opt/airflow/dags/gold_analytics_dag.py
[2026-01-13T09:42:20.081+0000] {processor.py:842} WARNING - No viable dags retrieved from /opt/airflow/dags/gold_analytics_dag.py
[2026-01-13T09:42:20.100+0000] {processor.py:183} INFO - Processing /opt/airflow/dags/gold_analytics_dag.py took 0.057 seconds
[2026-01-13T09:42:50.961+0000] {processor.py:161} INFO - Started process (PID=735) to work on /opt/airflow/dags/gold_analytics_dag.py
[2026-01-13T09:42:50.962+0000] {processor.py:830} INFO - Processing file /opt/airflow/dags/gold_analytics_dag.py for tasks to queue
[2026-01-13T09:42:50.963+0000] {logging_mixin.py:188} INFO - [2026-01-13T09:42:50.962+0000] {dagbag.py:538} INFO - Filling up the DagBag from /opt/airflow/dags/gold_analytics_dag.py
[2026-01-13T09:42:50.975+0000] {processor.py:842} WARNING - No viable dags retrieved from /opt/airflow/dags/gold_analytics_dag.py
[2026-01-13T09:42:50.989+0000] {processor.py:183} INFO - Processing /opt/airflow/dags/gold_analytics_dag.py took 0.033 seconds
[2026-01-13T09:43:21.683+0000] {processor.py:161} INFO - Started process (PID=771) to work on /opt/airflow/dags/gold_analytics_dag.py
[2026-01-13T09:43:21.684+0000] {processor.py:830} INFO - Processing file /opt/airflow/dags/gold_analytics_dag.py for tasks to queue
[2026-01-13T09:43:21.685+0000] {logging_mixin.py:188} INFO - [2026-01-13T09:43:21.685+0000] {dagbag.py:538} INFO - Filling up the DagBag from /opt/airflow/dags/gold_analytics_dag.py
[2026-01-13T09:43:21.694+0000] {processor.py:842} WARNING - No viable dags retrieved from /opt/airflow/dags/gold_analytics_dag.py
[2026-01-13T09:43:21.708+0000] {processor.py:183} INFO - Processing /opt/airflow/dags/gold_analytics_dag.py took 0.028 seconds
[2026-01-13T09:43:52.389+0000] {processor.py:161} INFO - Started process (PID=797) to work on /opt/airflow/dags/gold_analytics_dag.py
[2026-01-13T09:43:52.390+0000] {processor.py:830} INFO - Processing file /opt/airflow/dags/gold_analytics_dag.py for tasks to queue
[2026-01-13T09:43:52.391+0000] {logging_mixin.py:188} INFO - [2026-01-13T09:43:52.391+0000] {dagbag.py:538} INFO - Filling up the DagBag from /opt/airflow/dags/gold_analytics_dag.py
[2026-01-13T09:43:52.406+0000] {processor.py:842} WARNING - No viable dags retrieved from /opt/airflow/dags/gold_analytics_dag.py
[2026-01-13T09:43:52.422+0000] {processor.py:183} INFO - Processing /opt/airflow/dags/gold_analytics_dag.py took 0.037 seconds
[2026-01-13T09:44:23.136+0000] {processor.py:161} INFO - Started process (PID=833) to work on /opt/airflow/dags/gold_analytics_dag.py
[2026-01-13T09:44:23.137+0000] {processor.py:830} INFO - Processing file /opt/airflow/dags/gold_analytics_dag.py for tasks to queue
[2026-01-13T09:44:23.138+0000] {logging_mixin.py:188} INFO - [2026-01-13T09:44:23.138+0000] {dagbag.py:538} INFO - Filling up the DagBag from /opt/airflow/dags/gold_analytics_dag.py
[2026-01-13T09:44:23.151+0000] {processor.py:842} WARNING - No viable dags retrieved from /opt/airflow/dags/gold_analytics_dag.py
[2026-01-13T09:44:23.165+0000] {processor.py:183} INFO - Processing /opt/airflow/dags/gold_analytics_dag.py took 0.032 seconds
[2026-01-13T09:44:53.958+0000] {processor.py:161} INFO - Started process (PID=859) to work on /opt/airflow/dags/gold_analytics_dag.py
[2026-01-13T09:44:53.959+0000] {processor.py:830} INFO - Processing file /opt/airflow/dags/gold_analytics_dag.py for tasks to queue
[2026-01-13T09:44:53.960+0000] {logging_mixin.py:188} INFO - [2026-01-13T09:44:53.960+0000] {dagbag.py:538} INFO - Filling up the DagBag from /opt/airflow/dags/gold_analytics_dag.py
[2026-01-13T09:44:53.973+0000] {processor.py:842} WARNING - No viable dags retrieved from /opt/airflow/dags/gold_analytics_dag.py
[2026-01-13T09:44:53.993+0000] {processor.py:183} INFO - Processing /opt/airflow/dags/gold_analytics_dag.py took 0.038 seconds
[2026-01-13T09:45:24.586+0000] {processor.py:161} INFO - Started process (PID=895) to work on /opt/airflow/dags/gold_analytics_dag.py
[2026-01-13T09:45:24.587+0000] {processor.py:830} INFO - Processing file /opt/airflow/dags/gold_analytics_dag.py for tasks to queue
[2026-01-13T09:45:24.588+0000] {logging_mixin.py:188} INFO - [2026-01-13T09:45:24.588+0000] {dagbag.py:538} INFO - Filling up the DagBag from /opt/airflow/dags/gold_analytics_dag.py
[2026-01-13T09:45:24.600+0000] {processor.py:842} WARNING - No viable dags retrieved from /opt/airflow/dags/gold_analytics_dag.py
[2026-01-13T09:45:24.616+0000] {processor.py:183} INFO - Processing /opt/airflow/dags/gold_analytics_dag.py took 0.032 seconds
[2026-01-13T09:45:55.305+0000] {processor.py:161} INFO - Started process (PID=921) to work on /opt/airflow/dags/gold_analytics_dag.py
[2026-01-13T09:45:55.306+0000] {processor.py:830} INFO - Processing file /opt/airflow/dags/gold_analytics_dag.py for tasks to queue
[2026-01-13T09:45:55.307+0000] {logging_mixin.py:188} INFO - [2026-01-13T09:45:55.307+0000] {dagbag.py:538} INFO - Filling up the DagBag from /opt/airflow/dags/gold_analytics_dag.py
[2026-01-13T09:45:55.320+0000] {processor.py:842} WARNING - No viable dags retrieved from /opt/airflow/dags/gold_analytics_dag.py
[2026-01-13T09:45:55.335+0000] {processor.py:183} INFO - Processing /opt/airflow/dags/gold_analytics_dag.py took 0.033 seconds
[2026-01-13T09:46:25.893+0000] {processor.py:161} INFO - Started process (PID=957) to work on /opt/airflow/dags/gold_analytics_dag.py
[2026-01-13T09:46:25.894+0000] {processor.py:830} INFO - Processing file /opt/airflow/dags/gold_analytics_dag.py for tasks to queue
[2026-01-13T09:46:25.895+0000] {logging_mixin.py:188} INFO - [2026-01-13T09:46:25.894+0000] {dagbag.py:538} INFO - Filling up the DagBag from /opt/airflow/dags/gold_analytics_dag.py
[2026-01-13T09:46:25.908+0000] {processor.py:842} WARNING - No viable dags retrieved from /opt/airflow/dags/gold_analytics_dag.py
[2026-01-13T09:46:25.926+0000] {processor.py:183} INFO - Processing /opt/airflow/dags/gold_analytics_dag.py took 0.036 seconds
[2026-01-13T09:46:56.606+0000] {processor.py:161} INFO - Started process (PID=983) to work on /opt/airflow/dags/gold_analytics_dag.py
[2026-01-13T09:46:56.608+0000] {processor.py:830} INFO - Processing file /opt/airflow/dags/gold_analytics_dag.py for tasks to queue
[2026-01-13T09:46:56.609+0000] {logging_mixin.py:188} INFO - [2026-01-13T09:46:56.608+0000] {dagbag.py:538} INFO - Filling up the DagBag from /opt/airflow/dags/gold_analytics_dag.py
[2026-01-13T09:46:56.621+0000] {processor.py:842} WARNING - No viable dags retrieved from /opt/airflow/dags/gold_analytics_dag.py
[2026-01-13T09:46:56.637+0000] {processor.py:183} INFO - Processing /opt/airflow/dags/gold_analytics_dag.py took 0.033 seconds
[2026-01-13T09:47:27.167+0000] {processor.py:161} INFO - Started process (PID=1019) to work on /opt/airflow/dags/gold_analytics_dag.py
[2026-01-13T09:47:27.168+0000] {processor.py:830} INFO - Processing file /opt/airflow/dags/gold_analytics_dag.py for tasks to queue
[2026-01-13T09:47:27.169+0000] {logging_mixin.py:188} INFO - [2026-01-13T09:47:27.169+0000] {dagbag.py:538} INFO - Filling up the DagBag from /opt/airflow/dags/gold_analytics_dag.py
[2026-01-13T09:47:27.200+0000] {processor.py:842} WARNING - No viable dags retrieved from /opt/airflow/dags/gold_analytics_dag.py
[2026-01-13T09:47:27.217+0000] {processor.py:183} INFO - Processing /opt/airflow/dags/gold_analytics_dag.py took 0.053 seconds
[2026-01-13T09:47:57.808+0000] {processor.py:161} INFO - Started process (PID=1045) to work on /opt/airflow/dags/gold_analytics_dag.py
[2026-01-13T09:47:57.809+0000] {processor.py:830} INFO - Processing file /opt/airflow/dags/gold_analytics_dag.py for tasks to queue
[2026-01-13T09:47:57.810+0000] {logging_mixin.py:188} INFO - [2026-01-13T09:47:57.810+0000] {dagbag.py:538} INFO - Filling up the DagBag from /opt/airflow/dags/gold_analytics_dag.py
[2026-01-13T09:47:57.831+0000] {processor.py:842} WARNING - No viable dags retrieved from /opt/airflow/dags/gold_analytics_dag.py
[2026-01-13T09:47:57.852+0000] {processor.py:183} INFO - Processing /opt/airflow/dags/gold_analytics_dag.py took 0.047 seconds
[2026-01-13T09:48:28.430+0000] {processor.py:161} INFO - Started process (PID=1081) to work on /opt/airflow/dags/gold_analytics_dag.py
[2026-01-13T09:48:28.431+0000] {processor.py:830} INFO - Processing file /opt/airflow/dags/gold_analytics_dag.py for tasks to queue
[2026-01-13T09:48:28.433+0000] {logging_mixin.py:188} INFO - [2026-01-13T09:48:28.433+0000] {dagbag.py:538} INFO - Filling up the DagBag from /opt/airflow/dags/gold_analytics_dag.py
[2026-01-13T09:48:28.446+0000] {processor.py:842} WARNING - No viable dags retrieved from /opt/airflow/dags/gold_analytics_dag.py
[2026-01-13T09:48:28.462+0000] {processor.py:183} INFO - Processing /opt/airflow/dags/gold_analytics_dag.py took 0.034 seconds
[2026-01-13T09:48:59.131+0000] {processor.py:161} INFO - Started process (PID=1107) to work on /opt/airflow/dags/gold_analytics_dag.py
[2026-01-13T09:48:59.132+0000] {processor.py:830} INFO - Processing file /opt/airflow/dags/gold_analytics_dag.py for tasks to queue
[2026-01-13T09:48:59.133+0000] {logging_mixin.py:188} INFO - [2026-01-13T09:48:59.132+0000] {dagbag.py:538} INFO - Filling up the DagBag from /opt/airflow/dags/gold_analytics_dag.py
[2026-01-13T09:48:59.146+0000] {processor.py:842} WARNING - No viable dags retrieved from /opt/airflow/dags/gold_analytics_dag.py
[2026-01-13T09:48:59.164+0000] {processor.py:183} INFO - Processing /opt/airflow/dags/gold_analytics_dag.py took 0.037 seconds
[2026-01-13T09:49:30.105+0000] {processor.py:161} INFO - Started process (PID=1149) to work on /opt/airflow/dags/gold_analytics_dag.py
[2026-01-13T09:49:30.106+0000] {processor.py:830} INFO - Processing file /opt/airflow/dags/gold_analytics_dag.py for tasks to queue
[2026-01-13T09:49:30.107+0000] {logging_mixin.py:188} INFO - [2026-01-13T09:49:30.107+0000] {dagbag.py:538} INFO - Filling up the DagBag from /opt/airflow/dags/gold_analytics_dag.py
[2026-01-13T09:49:30.123+0000] {processor.py:842} WARNING - No viable dags retrieved from /opt/airflow/dags/gold_analytics_dag.py
[2026-01-13T09:49:30.141+0000] {processor.py:183} INFO - Processing /opt/airflow/dags/gold_analytics_dag.py took 0.039 seconds
[2026-01-13T09:50:00.960+0000] {processor.py:161} INFO - Started process (PID=1179) to work on /opt/airflow/dags/gold_analytics_dag.py
[2026-01-13T09:50:00.961+0000] {processor.py:830} INFO - Processing file /opt/airflow/dags/gold_analytics_dag.py for tasks to queue
[2026-01-13T09:50:00.963+0000] {logging_mixin.py:188} INFO - [2026-01-13T09:50:00.963+0000] {dagbag.py:538} INFO - Filling up the DagBag from /opt/airflow/dags/gold_analytics_dag.py
[2026-01-13T09:50:00.972+0000] {processor.py:842} WARNING - No viable dags retrieved from /opt/airflow/dags/gold_analytics_dag.py
[2026-01-13T09:50:00.993+0000] {processor.py:183} INFO - Processing /opt/airflow/dags/gold_analytics_dag.py took 0.036 seconds
[2026-01-13T09:50:31.668+0000] {processor.py:161} INFO - Started process (PID=1211) to work on /opt/airflow/dags/gold_analytics_dag.py
[2026-01-13T09:50:31.669+0000] {processor.py:830} INFO - Processing file /opt/airflow/dags/gold_analytics_dag.py for tasks to queue
[2026-01-13T09:50:31.669+0000] {logging_mixin.py:188} INFO - [2026-01-13T09:50:31.669+0000] {dagbag.py:538} INFO - Filling up the DagBag from /opt/airflow/dags/gold_analytics_dag.py
[2026-01-13T09:50:31.679+0000] {processor.py:842} WARNING - No viable dags retrieved from /opt/airflow/dags/gold_analytics_dag.py
[2026-01-13T09:50:31.695+0000] {processor.py:183} INFO - Processing /opt/airflow/dags/gold_analytics_dag.py took 0.031 seconds
[2026-01-13T09:51:02.276+0000] {processor.py:161} INFO - Started process (PID=1241) to work on /opt/airflow/dags/gold_analytics_dag.py
[2026-01-13T09:51:02.278+0000] {processor.py:830} INFO - Processing file /opt/airflow/dags/gold_analytics_dag.py for tasks to queue
[2026-01-13T09:51:02.279+0000] {logging_mixin.py:188} INFO - [2026-01-13T09:51:02.278+0000] {dagbag.py:538} INFO - Filling up the DagBag from /opt/airflow/dags/gold_analytics_dag.py
[2026-01-13T09:51:02.293+0000] {processor.py:842} WARNING - No viable dags retrieved from /opt/airflow/dags/gold_analytics_dag.py
[2026-01-13T09:51:02.310+0000] {processor.py:183} INFO - Processing /opt/airflow/dags/gold_analytics_dag.py took 0.037 seconds
[2026-01-13T09:51:33.028+0000] {processor.py:161} INFO - Started process (PID=1273) to work on /opt/airflow/dags/gold_analytics_dag.py
[2026-01-13T09:51:33.029+0000] {processor.py:830} INFO - Processing file /opt/airflow/dags/gold_analytics_dag.py for tasks to queue
[2026-01-13T09:51:33.031+0000] {logging_mixin.py:188} INFO - [2026-01-13T09:51:33.030+0000] {dagbag.py:538} INFO - Filling up the DagBag from /opt/airflow/dags/gold_analytics_dag.py
[2026-01-13T09:51:33.043+0000] {processor.py:842} WARNING - No viable dags retrieved from /opt/airflow/dags/gold_analytics_dag.py
[2026-01-13T09:51:33.058+0000] {processor.py:183} INFO - Processing /opt/airflow/dags/gold_analytics_dag.py took 0.033 seconds
[2026-01-13T09:52:03.654+0000] {processor.py:161} INFO - Started process (PID=1309) to work on /opt/airflow/dags/gold_analytics_dag.py
[2026-01-13T09:52:03.655+0000] {processor.py:830} INFO - Processing file /opt/airflow/dags/gold_analytics_dag.py for tasks to queue
[2026-01-13T09:52:03.656+0000] {logging_mixin.py:188} INFO - [2026-01-13T09:52:03.655+0000] {dagbag.py:538} INFO - Filling up the DagBag from /opt/airflow/dags/gold_analytics_dag.py
[2026-01-13T09:52:03.667+0000] {processor.py:842} WARNING - No viable dags retrieved from /opt/airflow/dags/gold_analytics_dag.py
[2026-01-13T09:52:03.685+0000] {processor.py:183} INFO - Processing /opt/airflow/dags/gold_analytics_dag.py took 0.035 seconds
[2026-01-13T09:52:34.277+0000] {processor.py:161} INFO - Started process (PID=1335) to work on /opt/airflow/dags/gold_analytics_dag.py
[2026-01-13T09:52:34.278+0000] {processor.py:830} INFO - Processing file /opt/airflow/dags/gold_analytics_dag.py for tasks to queue
[2026-01-13T09:52:34.279+0000] {logging_mixin.py:188} INFO - [2026-01-13T09:52:34.279+0000] {dagbag.py:538} INFO - Filling up the DagBag from /opt/airflow/dags/gold_analytics_dag.py
[2026-01-13T09:52:34.297+0000] {processor.py:842} WARNING - No viable dags retrieved from /opt/airflow/dags/gold_analytics_dag.py
[2026-01-13T09:52:34.317+0000] {processor.py:183} INFO - Processing /opt/airflow/dags/gold_analytics_dag.py took 0.043 seconds
[2026-01-13T09:53:04.901+0000] {processor.py:161} INFO - Started process (PID=1372) to work on /opt/airflow/dags/gold_analytics_dag.py
[2026-01-13T09:53:04.902+0000] {processor.py:830} INFO - Processing file /opt/airflow/dags/gold_analytics_dag.py for tasks to queue
[2026-01-13T09:53:04.903+0000] {logging_mixin.py:188} INFO - [2026-01-13T09:53:04.903+0000] {dagbag.py:538} INFO - Filling up the DagBag from /opt/airflow/dags/gold_analytics_dag.py
[2026-01-13T09:53:04.911+0000] {processor.py:842} WARNING - No viable dags retrieved from /opt/airflow/dags/gold_analytics_dag.py
[2026-01-13T09:53:04.927+0000] {processor.py:183} INFO - Processing /opt/airflow/dags/gold_analytics_dag.py took 0.029 seconds
[2026-01-13T09:53:35.553+0000] {processor.py:161} INFO - Started process (PID=1398) to work on /opt/airflow/dags/gold_analytics_dag.py
[2026-01-13T09:53:35.554+0000] {processor.py:830} INFO - Processing file /opt/airflow/dags/gold_analytics_dag.py for tasks to queue
[2026-01-13T09:53:35.554+0000] {logging_mixin.py:188} INFO - [2026-01-13T09:53:35.554+0000] {dagbag.py:538} INFO - Filling up the DagBag from /opt/airflow/dags/gold_analytics_dag.py
[2026-01-13T09:53:35.566+0000] {processor.py:842} WARNING - No viable dags retrieved from /opt/airflow/dags/gold_analytics_dag.py
[2026-01-13T09:53:35.584+0000] {processor.py:183} INFO - Processing /opt/airflow/dags/gold_analytics_dag.py took 0.035 seconds
[2026-01-13T09:54:06.164+0000] {processor.py:161} INFO - Started process (PID=1434) to work on /opt/airflow/dags/gold_analytics_dag.py
[2026-01-13T09:54:06.165+0000] {processor.py:830} INFO - Processing file /opt/airflow/dags/gold_analytics_dag.py for tasks to queue
[2026-01-13T09:54:06.166+0000] {logging_mixin.py:188} INFO - [2026-01-13T09:54:06.165+0000] {dagbag.py:538} INFO - Filling up the DagBag from /opt/airflow/dags/gold_analytics_dag.py
[2026-01-13T09:54:06.179+0000] {processor.py:842} WARNING - No viable dags retrieved from /opt/airflow/dags/gold_analytics_dag.py
[2026-01-13T09:54:06.197+0000] {processor.py:183} INFO - Processing /opt/airflow/dags/gold_analytics_dag.py took 0.036 seconds
[2026-01-13T09:54:36.922+0000] {processor.py:161} INFO - Started process (PID=1460) to work on /opt/airflow/dags/gold_analytics_dag.py
[2026-01-13T09:54:36.923+0000] {processor.py:830} INFO - Processing file /opt/airflow/dags/gold_analytics_dag.py for tasks to queue
[2026-01-13T09:54:36.925+0000] {logging_mixin.py:188} INFO - [2026-01-13T09:54:36.924+0000] {dagbag.py:538} INFO - Filling up the DagBag from /opt/airflow/dags/gold_analytics_dag.py
[2026-01-13T09:54:36.944+0000] {processor.py:842} WARNING - No viable dags retrieved from /opt/airflow/dags/gold_analytics_dag.py
[2026-01-13T09:54:36.959+0000] {processor.py:183} INFO - Processing /opt/airflow/dags/gold_analytics_dag.py took 0.039 seconds
[2026-01-13T09:55:07.549+0000] {processor.py:161} INFO - Started process (PID=1497) to work on /opt/airflow/dags/gold_analytics_dag.py
[2026-01-13T09:55:07.549+0000] {processor.py:830} INFO - Processing file /opt/airflow/dags/gold_analytics_dag.py for tasks to queue
[2026-01-13T09:55:07.551+0000] {logging_mixin.py:188} INFO - [2026-01-13T09:55:07.550+0000] {dagbag.py:538} INFO - Filling up the DagBag from /opt/airflow/dags/gold_analytics_dag.py
[2026-01-13T09:55:07.565+0000] {processor.py:842} WARNING - No viable dags retrieved from /opt/airflow/dags/gold_analytics_dag.py
[2026-01-13T09:55:07.585+0000] {processor.py:183} INFO - Processing /opt/airflow/dags/gold_analytics_dag.py took 0.040 seconds
[2026-01-13T09:55:38.347+0000] {processor.py:161} INFO - Started process (PID=1523) to work on /opt/airflow/dags/gold_analytics_dag.py
[2026-01-13T09:55:38.348+0000] {processor.py:830} INFO - Processing file /opt/airflow/dags/gold_analytics_dag.py for tasks to queue
[2026-01-13T09:55:38.349+0000] {logging_mixin.py:188} INFO - [2026-01-13T09:55:38.349+0000] {dagbag.py:538} INFO - Filling up the DagBag from /opt/airflow/dags/gold_analytics_dag.py
[2026-01-13T09:55:38.361+0000] {processor.py:842} WARNING - No viable dags retrieved from /opt/airflow/dags/gold_analytics_dag.py
[2026-01-13T09:55:38.379+0000] {processor.py:183} INFO - Processing /opt/airflow/dags/gold_analytics_dag.py took 0.035 seconds
[2026-01-13T09:56:08.937+0000] {processor.py:161} INFO - Started process (PID=1559) to work on /opt/airflow/dags/gold_analytics_dag.py
[2026-01-13T09:56:08.937+0000] {processor.py:830} INFO - Processing file /opt/airflow/dags/gold_analytics_dag.py for tasks to queue
[2026-01-13T09:56:08.939+0000] {logging_mixin.py:188} INFO - [2026-01-13T09:56:08.938+0000] {dagbag.py:538} INFO - Filling up the DagBag from /opt/airflow/dags/gold_analytics_dag.py
[2026-01-13T09:56:08.951+0000] {processor.py:842} WARNING - No viable dags retrieved from /opt/airflow/dags/gold_analytics_dag.py
[2026-01-13T09:56:08.970+0000] {processor.py:183} INFO - Processing /opt/airflow/dags/gold_analytics_dag.py took 0.036 seconds
[2026-01-13T09:56:39.845+0000] {processor.py:161} INFO - Started process (PID=1585) to work on /opt/airflow/dags/gold_analytics_dag.py
[2026-01-13T09:56:39.846+0000] {processor.py:830} INFO - Processing file /opt/airflow/dags/gold_analytics_dag.py for tasks to queue
[2026-01-13T09:56:39.848+0000] {logging_mixin.py:188} INFO - [2026-01-13T09:56:39.847+0000] {dagbag.py:538} INFO - Filling up the DagBag from /opt/airflow/dags/gold_analytics_dag.py
[2026-01-13T09:56:39.861+0000] {processor.py:842} WARNING - No viable dags retrieved from /opt/airflow/dags/gold_analytics_dag.py
[2026-01-13T09:56:39.875+0000] {processor.py:183} INFO - Processing /opt/airflow/dags/gold_analytics_dag.py took 0.035 seconds
[2026-01-13T09:57:10.473+0000] {processor.py:161} INFO - Started process (PID=1621) to work on /opt/airflow/dags/gold_analytics_dag.py
[2026-01-13T09:57:10.474+0000] {processor.py:830} INFO - Processing file /opt/airflow/dags/gold_analytics_dag.py for tasks to queue
[2026-01-13T09:57:10.475+0000] {logging_mixin.py:188} INFO - [2026-01-13T09:57:10.475+0000] {dagbag.py:538} INFO - Filling up the DagBag from /opt/airflow/dags/gold_analytics_dag.py
[2026-01-13T09:57:10.487+0000] {processor.py:842} WARNING - No viable dags retrieved from /opt/airflow/dags/gold_analytics_dag.py
[2026-01-13T09:57:10.503+0000] {processor.py:183} INFO - Processing /opt/airflow/dags/gold_analytics_dag.py took 0.034 seconds
[2026-01-13T09:57:41.143+0000] {processor.py:161} INFO - Started process (PID=1647) to work on /opt/airflow/dags/gold_analytics_dag.py
[2026-01-13T09:57:41.144+0000] {processor.py:830} INFO - Processing file /opt/airflow/dags/gold_analytics_dag.py for tasks to queue
[2026-01-13T09:57:41.145+0000] {logging_mixin.py:188} INFO - [2026-01-13T09:57:41.144+0000] {dagbag.py:538} INFO - Filling up the DagBag from /opt/airflow/dags/gold_analytics_dag.py
[2026-01-13T09:57:41.153+0000] {processor.py:842} WARNING - No viable dags retrieved from /opt/airflow/dags/gold_analytics_dag.py
[2026-01-13T09:57:41.169+0000] {processor.py:183} INFO - Processing /opt/airflow/dags/gold_analytics_dag.py took 0.031 seconds
[2026-01-13T09:58:11.887+0000] {processor.py:161} INFO - Started process (PID=1683) to work on /opt/airflow/dags/gold_analytics_dag.py
[2026-01-13T09:58:11.888+0000] {processor.py:830} INFO - Processing file /opt/airflow/dags/gold_analytics_dag.py for tasks to queue
[2026-01-13T09:58:11.889+0000] {logging_mixin.py:188} INFO - [2026-01-13T09:58:11.889+0000] {dagbag.py:538} INFO - Filling up the DagBag from /opt/airflow/dags/gold_analytics_dag.py
[2026-01-13T09:58:11.904+0000] {processor.py:842} WARNING - No viable dags retrieved from /opt/airflow/dags/gold_analytics_dag.py
[2026-01-13T09:58:11.929+0000] {processor.py:183} INFO - Processing /opt/airflow/dags/gold_analytics_dag.py took 0.047 seconds
[2026-01-13T09:58:42.679+0000] {processor.py:161} INFO - Started process (PID=1710) to work on /opt/airflow/dags/gold_analytics_dag.py
[2026-01-13T09:58:42.680+0000] {processor.py:830} INFO - Processing file /opt/airflow/dags/gold_analytics_dag.py for tasks to queue
[2026-01-13T09:58:42.681+0000] {logging_mixin.py:188} INFO - [2026-01-13T09:58:42.681+0000] {dagbag.py:538} INFO - Filling up the DagBag from /opt/airflow/dags/gold_analytics_dag.py
[2026-01-13T09:58:42.691+0000] {processor.py:842} WARNING - No viable dags retrieved from /opt/airflow/dags/gold_analytics_dag.py
[2026-01-13T09:58:42.710+0000] {processor.py:183} INFO - Processing /opt/airflow/dags/gold_analytics_dag.py took 0.034 seconds
[2026-01-13T09:59:13.454+0000] {processor.py:161} INFO - Started process (PID=1746) to work on /opt/airflow/dags/gold_analytics_dag.py
[2026-01-13T09:59:13.455+0000] {processor.py:830} INFO - Processing file /opt/airflow/dags/gold_analytics_dag.py for tasks to queue
[2026-01-13T09:59:13.456+0000] {logging_mixin.py:188} INFO - [2026-01-13T09:59:13.456+0000] {dagbag.py:538} INFO - Filling up the DagBag from /opt/airflow/dags/gold_analytics_dag.py
[2026-01-13T09:59:13.470+0000] {processor.py:842} WARNING - No viable dags retrieved from /opt/airflow/dags/gold_analytics_dag.py
[2026-01-13T09:59:13.492+0000] {processor.py:183} INFO - Processing /opt/airflow/dags/gold_analytics_dag.py took 0.041 seconds
[2026-01-13T09:59:44.197+0000] {processor.py:161} INFO - Started process (PID=1772) to work on /opt/airflow/dags/gold_analytics_dag.py
[2026-01-13T09:59:44.198+0000] {processor.py:830} INFO - Processing file /opt/airflow/dags/gold_analytics_dag.py for tasks to queue
[2026-01-13T09:59:44.199+0000] {logging_mixin.py:188} INFO - [2026-01-13T09:59:44.199+0000] {dagbag.py:538} INFO - Filling up the DagBag from /opt/airflow/dags/gold_analytics_dag.py
[2026-01-13T09:59:44.211+0000] {processor.py:842} WARNING - No viable dags retrieved from /opt/airflow/dags/gold_analytics_dag.py
[2026-01-13T09:59:44.227+0000] {processor.py:183} INFO - Processing /opt/airflow/dags/gold_analytics_dag.py took 0.033 seconds
[2026-01-13T10:00:14.750+0000] {processor.py:161} INFO - Started process (PID=1808) to work on /opt/airflow/dags/gold_analytics_dag.py
[2026-01-13T10:00:14.750+0000] {processor.py:830} INFO - Processing file /opt/airflow/dags/gold_analytics_dag.py for tasks to queue
[2026-01-13T10:00:14.751+0000] {logging_mixin.py:188} INFO - [2026-01-13T10:00:14.751+0000] {dagbag.py:538} INFO - Filling up the DagBag from /opt/airflow/dags/gold_analytics_dag.py
[2026-01-13T10:00:14.760+0000] {processor.py:842} WARNING - No viable dags retrieved from /opt/airflow/dags/gold_analytics_dag.py
[2026-01-13T10:00:14.776+0000] {processor.py:183} INFO - Processing /opt/airflow/dags/gold_analytics_dag.py took 0.030 seconds
[2026-01-13T10:00:45.407+0000] {processor.py:161} INFO - Started process (PID=1835) to work on /opt/airflow/dags/gold_analytics_dag.py
[2026-01-13T10:00:45.409+0000] {processor.py:830} INFO - Processing file /opt/airflow/dags/gold_analytics_dag.py for tasks to queue
[2026-01-13T10:00:45.410+0000] {logging_mixin.py:188} INFO - [2026-01-13T10:00:45.409+0000] {dagbag.py:538} INFO - Filling up the DagBag from /opt/airflow/dags/gold_analytics_dag.py
[2026-01-13T10:00:45.424+0000] {processor.py:842} WARNING - No viable dags retrieved from /opt/airflow/dags/gold_analytics_dag.py
[2026-01-13T10:00:45.439+0000] {processor.py:183} INFO - Processing /opt/airflow/dags/gold_analytics_dag.py took 0.035 seconds
[2026-01-13T10:01:16.083+0000] {processor.py:161} INFO - Started process (PID=1871) to work on /opt/airflow/dags/gold_analytics_dag.py
[2026-01-13T10:01:16.084+0000] {processor.py:830} INFO - Processing file /opt/airflow/dags/gold_analytics_dag.py for tasks to queue
[2026-01-13T10:01:16.085+0000] {logging_mixin.py:188} INFO - [2026-01-13T10:01:16.085+0000] {dagbag.py:538} INFO - Filling up the DagBag from /opt/airflow/dags/gold_analytics_dag.py
[2026-01-13T10:01:16.101+0000] {processor.py:842} WARNING - No viable dags retrieved from /opt/airflow/dags/gold_analytics_dag.py
[2026-01-13T10:01:16.120+0000] {processor.py:183} INFO - Processing /opt/airflow/dags/gold_analytics_dag.py took 0.041 seconds
[2026-01-13T10:01:46.736+0000] {processor.py:161} INFO - Started process (PID=1897) to work on /opt/airflow/dags/gold_analytics_dag.py
[2026-01-13T10:01:46.737+0000] {processor.py:830} INFO - Processing file /opt/airflow/dags/gold_analytics_dag.py for tasks to queue
[2026-01-13T10:01:46.738+0000] {logging_mixin.py:188} INFO - [2026-01-13T10:01:46.738+0000] {dagbag.py:538} INFO - Filling up the DagBag from /opt/airflow/dags/gold_analytics_dag.py
[2026-01-13T10:01:46.747+0000] {processor.py:842} WARNING - No viable dags retrieved from /opt/airflow/dags/gold_analytics_dag.py
[2026-01-13T10:01:46.763+0000] {processor.py:183} INFO - Processing /opt/airflow/dags/gold_analytics_dag.py took 0.030 seconds
[2026-01-13T10:02:17.361+0000] {processor.py:161} INFO - Started process (PID=1933) to work on /opt/airflow/dags/gold_analytics_dag.py
[2026-01-13T10:02:17.363+0000] {processor.py:830} INFO - Processing file /opt/airflow/dags/gold_analytics_dag.py for tasks to queue
[2026-01-13T10:02:17.365+0000] {logging_mixin.py:188} INFO - [2026-01-13T10:02:17.364+0000] {dagbag.py:538} INFO - Filling up the DagBag from /opt/airflow/dags/gold_analytics_dag.py
[2026-01-13T10:02:17.377+0000] {processor.py:842} WARNING - No viable dags retrieved from /opt/airflow/dags/gold_analytics_dag.py
[2026-01-13T10:02:17.395+0000] {processor.py:183} INFO - Processing /opt/airflow/dags/gold_analytics_dag.py took 0.037 seconds
[2026-01-13T10:02:47.969+0000] {processor.py:161} INFO - Started process (PID=1959) to work on /opt/airflow/dags/gold_analytics_dag.py
[2026-01-13T10:02:47.970+0000] {processor.py:830} INFO - Processing file /opt/airflow/dags/gold_analytics_dag.py for tasks to queue
[2026-01-13T10:02:47.972+0000] {logging_mixin.py:188} INFO - [2026-01-13T10:02:47.971+0000] {dagbag.py:538} INFO - Filling up the DagBag from /opt/airflow/dags/gold_analytics_dag.py
[2026-01-13T10:02:47.982+0000] {processor.py:842} WARNING - No viable dags retrieved from /opt/airflow/dags/gold_analytics_dag.py
[2026-01-13T10:02:47.996+0000] {processor.py:183} INFO - Processing /opt/airflow/dags/gold_analytics_dag.py took 0.030 seconds
[2026-01-13T10:03:18.945+0000] {processor.py:161} INFO - Started process (PID=1995) to work on /opt/airflow/dags/gold_analytics_dag.py
[2026-01-13T10:03:18.946+0000] {processor.py:830} INFO - Processing file /opt/airflow/dags/gold_analytics_dag.py for tasks to queue
[2026-01-13T10:03:18.947+0000] {logging_mixin.py:188} INFO - [2026-01-13T10:03:18.947+0000] {dagbag.py:538} INFO - Filling up the DagBag from /opt/airflow/dags/gold_analytics_dag.py
[2026-01-13T10:03:18.963+0000] {processor.py:842} WARNING - No viable dags retrieved from /opt/airflow/dags/gold_analytics_dag.py
[2026-01-13T10:03:18.978+0000] {processor.py:183} INFO - Processing /opt/airflow/dags/gold_analytics_dag.py took 0.037 seconds
[2026-01-13T10:04:10.090+0000] {processor.py:161} INFO - Started process (PID=184) to work on /opt/airflow/dags/gold_analytics_dag.py
[2026-01-13T10:04:10.091+0000] {processor.py:830} INFO - Processing file /opt/airflow/dags/gold_analytics_dag.py for tasks to queue
[2026-01-13T10:04:10.092+0000] {logging_mixin.py:188} INFO - [2026-01-13T10:04:10.092+0000] {dagbag.py:538} INFO - Filling up the DagBag from /opt/airflow/dags/gold_analytics_dag.py
[2026-01-13T10:04:10.114+0000] {processor.py:842} WARNING - No viable dags retrieved from /opt/airflow/dags/gold_analytics_dag.py
[2026-01-13T10:04:10.143+0000] {processor.py:183} INFO - Processing /opt/airflow/dags/gold_analytics_dag.py took 0.057 seconds
[2026-01-13T10:04:41.223+0000] {processor.py:161} INFO - Started process (PID=238) to work on /opt/airflow/dags/gold_analytics_dag.py
[2026-01-13T10:04:41.224+0000] {processor.py:830} INFO - Processing file /opt/airflow/dags/gold_analytics_dag.py for tasks to queue
[2026-01-13T10:04:41.226+0000] {logging_mixin.py:188} INFO - [2026-01-13T10:04:41.225+0000] {dagbag.py:538} INFO - Filling up the DagBag from /opt/airflow/dags/gold_analytics_dag.py
[2026-01-13T10:04:41.234+0000] {processor.py:842} WARNING - No viable dags retrieved from /opt/airflow/dags/gold_analytics_dag.py
[2026-01-13T10:04:41.250+0000] {processor.py:183} INFO - Processing /opt/airflow/dags/gold_analytics_dag.py took 0.031 seconds
[2026-01-13T10:05:11.850+0000] {processor.py:161} INFO - Started process (PID=274) to work on /opt/airflow/dags/gold_analytics_dag.py
[2026-01-13T10:05:11.851+0000] {processor.py:830} INFO - Processing file /opt/airflow/dags/gold_analytics_dag.py for tasks to queue
[2026-01-13T10:05:11.852+0000] {logging_mixin.py:188} INFO - [2026-01-13T10:05:11.851+0000] {dagbag.py:538} INFO - Filling up the DagBag from /opt/airflow/dags/gold_analytics_dag.py
[2026-01-13T10:05:11.860+0000] {processor.py:842} WARNING - No viable dags retrieved from /opt/airflow/dags/gold_analytics_dag.py
[2026-01-13T10:05:11.882+0000] {processor.py:183} INFO - Processing /opt/airflow/dags/gold_analytics_dag.py took 0.035 seconds
[2026-01-13T10:05:42.447+0000] {processor.py:161} INFO - Started process (PID=312) to work on /opt/airflow/dags/gold_analytics_dag.py
[2026-01-13T10:05:42.447+0000] {processor.py:830} INFO - Processing file /opt/airflow/dags/gold_analytics_dag.py for tasks to queue
[2026-01-13T10:05:42.448+0000] {logging_mixin.py:188} INFO - [2026-01-13T10:05:42.448+0000] {dagbag.py:538} INFO - Filling up the DagBag from /opt/airflow/dags/gold_analytics_dag.py
[2026-01-13T10:05:42.457+0000] {processor.py:842} WARNING - No viable dags retrieved from /opt/airflow/dags/gold_analytics_dag.py
[2026-01-13T10:05:42.475+0000] {processor.py:183} INFO - Processing /opt/airflow/dags/gold_analytics_dag.py took 0.032 seconds
[2026-01-13T10:06:13.114+0000] {processor.py:161} INFO - Started process (PID=350) to work on /opt/airflow/dags/gold_analytics_dag.py
[2026-01-13T10:06:13.115+0000] {processor.py:830} INFO - Processing file /opt/airflow/dags/gold_analytics_dag.py for tasks to queue
[2026-01-13T10:06:13.116+0000] {logging_mixin.py:188} INFO - [2026-01-13T10:06:13.115+0000] {dagbag.py:538} INFO - Filling up the DagBag from /opt/airflow/dags/gold_analytics_dag.py
[2026-01-13T10:06:13.124+0000] {processor.py:842} WARNING - No viable dags retrieved from /opt/airflow/dags/gold_analytics_dag.py
[2026-01-13T10:06:13.140+0000] {processor.py:183} INFO - Processing /opt/airflow/dags/gold_analytics_dag.py took 0.029 seconds
[2026-01-13T10:06:43.803+0000] {processor.py:161} INFO - Started process (PID=387) to work on /opt/airflow/dags/gold_analytics_dag.py
[2026-01-13T10:06:43.803+0000] {processor.py:830} INFO - Processing file /opt/airflow/dags/gold_analytics_dag.py for tasks to queue
[2026-01-13T10:06:43.804+0000] {logging_mixin.py:188} INFO - [2026-01-13T10:06:43.804+0000] {dagbag.py:538} INFO - Filling up the DagBag from /opt/airflow/dags/gold_analytics_dag.py
[2026-01-13T10:06:43.813+0000] {processor.py:842} WARNING - No viable dags retrieved from /opt/airflow/dags/gold_analytics_dag.py
[2026-01-13T10:06:43.827+0000] {processor.py:183} INFO - Processing /opt/airflow/dags/gold_analytics_dag.py took 0.027 seconds
[2026-01-13T10:07:14.464+0000] {processor.py:161} INFO - Started process (PID=425) to work on /opt/airflow/dags/gold_analytics_dag.py
[2026-01-13T10:07:14.465+0000] {processor.py:830} INFO - Processing file /opt/airflow/dags/gold_analytics_dag.py for tasks to queue
[2026-01-13T10:07:14.466+0000] {logging_mixin.py:188} INFO - [2026-01-13T10:07:14.466+0000] {dagbag.py:538} INFO - Filling up the DagBag from /opt/airflow/dags/gold_analytics_dag.py
[2026-01-13T10:07:14.476+0000] {processor.py:842} WARNING - No viable dags retrieved from /opt/airflow/dags/gold_analytics_dag.py
[2026-01-13T10:07:14.495+0000] {processor.py:183} INFO - Processing /opt/airflow/dags/gold_analytics_dag.py took 0.034 seconds
[2026-01-13T10:07:45.201+0000] {processor.py:161} INFO - Started process (PID=461) to work on /opt/airflow/dags/gold_analytics_dag.py
[2026-01-13T10:07:45.202+0000] {processor.py:830} INFO - Processing file /opt/airflow/dags/gold_analytics_dag.py for tasks to queue
[2026-01-13T10:07:45.203+0000] {logging_mixin.py:188} INFO - [2026-01-13T10:07:45.203+0000] {dagbag.py:538} INFO - Filling up the DagBag from /opt/airflow/dags/gold_analytics_dag.py
[2026-01-13T10:07:45.214+0000] {processor.py:842} WARNING - No viable dags retrieved from /opt/airflow/dags/gold_analytics_dag.py
[2026-01-13T10:07:45.230+0000] {processor.py:183} INFO - Processing /opt/airflow/dags/gold_analytics_dag.py took 0.032 seconds
[2026-01-13T10:08:15.804+0000] {processor.py:161} INFO - Started process (PID=499) to work on /opt/airflow/dags/gold_analytics_dag.py
[2026-01-13T10:08:15.805+0000] {processor.py:830} INFO - Processing file /opt/airflow/dags/gold_analytics_dag.py for tasks to queue
[2026-01-13T10:08:15.806+0000] {logging_mixin.py:188} INFO - [2026-01-13T10:08:15.806+0000] {dagbag.py:538} INFO - Filling up the DagBag from /opt/airflow/dags/gold_analytics_dag.py
[2026-01-13T10:08:15.817+0000] {processor.py:842} WARNING - No viable dags retrieved from /opt/airflow/dags/gold_analytics_dag.py
[2026-01-13T10:08:15.836+0000] {processor.py:183} INFO - Processing /opt/airflow/dags/gold_analytics_dag.py took 0.035 seconds
[2026-01-13T10:08:40.412+0000] {processor.py:161} INFO - Started process (PID=532) to work on /opt/airflow/dags/gold_analytics_dag.py
[2026-01-13T10:08:40.413+0000] {processor.py:830} INFO - Processing file /opt/airflow/dags/gold_analytics_dag.py for tasks to queue
[2026-01-13T10:08:40.414+0000] {logging_mixin.py:188} INFO - [2026-01-13T10:08:40.414+0000] {dagbag.py:538} INFO - Filling up the DagBag from /opt/airflow/dags/gold_analytics_dag.py
[2026-01-13T10:08:40.422+0000] {logging_mixin.py:188} INFO - [2026-01-13T10:08:40.422+0000] {dagbag.py:325} INFO - File /opt/airflow/dags/gold_analytics_dag.py assumed to contain no DAGs. Skipping.
[2026-01-13T10:08:40.423+0000] {processor.py:842} WARNING - No viable dags retrieved from /opt/airflow/dags/gold_analytics_dag.py
[2026-01-13T10:08:40.442+0000] {processor.py:183} INFO - Processing /opt/airflow/dags/gold_analytics_dag.py took 0.034 seconds
